<?xml version="1.0" encoding="UTF-8"?>
<testng-results retried="4" ignored="0" total="38" passed="33" failed="1" skipped="0">
  <reporter-output>
  </reporter-output>
  <suite started-at="2023-05-03T19:22:34 IST" name="Suite" finished-at="2023-05-03T19:25:53 IST" duration-ms="199464">
    <groups>
      <group name="regression">
        <method signature="ManagePagesTest.verifyBackgroundColorOfNewButton()[pri:0, instance:com.obsqura.testscripts.ManagePagesTest@7203c7ff]" name="verifyBackgroundColorOfNewButton" class="com.obsqura.testscripts.ManagePagesTest"/>
      </group> <!-- regression -->
      <group name="smoke">
        <method signature="ManagePagesTest.verifyBackgroundColorOfNewButton()[pri:0, instance:com.obsqura.testscripts.ManagePagesTest@7203c7ff]" name="verifyBackgroundColorOfNewButton" class="com.obsqura.testscripts.ManagePagesTest"/>
        <method signature="ManagePagesTest.verifySearchfunctinality()[pri:0, instance:com.obsqura.testscripts.ManagePagesTest@7203c7ff]" name="verifySearchfunctinality" class="com.obsqura.testscripts.ManagePagesTest"/>
      </group> <!-- smoke -->
    </groups>
    <test started-at="2023-05-03T19:22:34 IST" name="Test" finished-at="2023-05-03T19:25:53 IST" duration-ms="199464">
      <class name="com.obsqura.testscripts.LoginPageTest">
        <test-method is-config="true" signature="initializeBrowser(java.lang.String)[pri:0, instance:com.obsqura.testscripts.LoginPageTest@2a448449]" started-at="2023-05-03T19:22:34 IST" name="initializeBrowser" finished-at="2023-05-03T19:22:38 IST" duration-ms="3658" status="PASS">
          <params>
            <param index="0">
              <value>
                <![CDATA[Chrome]]>
              </value>
            </param>
          </params>
          <reporter-output>
          </reporter-output>
        </test-method> <!-- initializeBrowser -->
        <test-method signature="verifylogin(java.lang.String,java.lang.String)[pri:0, instance:com.obsqura.testscripts.LoginPageTest@2a448449]" started-at="2023-05-03T19:22:38 IST" name="verifylogin" data-provider="loginProvider" finished-at="2023-05-03T19:22:39 IST" duration-ms="1355" status="PASS">
          <params>
            <param index="0">
              <value>
                <![CDATA[user]]>
              </value>
            </param>
            <param index="1">
              <value>
                <![CDATA[ad43]]>
              </value>
            </param>
          </params>
          <reporter-output>
          </reporter-output>
        </test-method> <!-- verifylogin -->
        <test-method is-config="true" signature="browserQuit(org.testng.ITestResult)[pri:0, instance:com.obsqura.testscripts.LoginPageTest@2a448449]" started-at="2023-05-03T19:22:39 IST" name="browserQuit" finished-at="2023-05-03T19:22:39 IST" duration-ms="240" status="PASS">
          <params>
            <param index="0">
              <value>
                <![CDATA[[TestResult name=verifylogin status=SUCCESS method=LoginPageTest.verifylogin(java.lang.String,java.lang.String)[pri:0, instance:com.obsqura.testscripts.LoginPageTest@2a448449] output={null}]]]>
              </value>
            </param>
          </params>
          <reporter-output>
          </reporter-output>
        </test-method> <!-- browserQuit -->
        <test-method is-config="true" signature="initializeBrowser(java.lang.String)[pri:0, instance:com.obsqura.testscripts.LoginPageTest@2a448449]" started-at="2023-05-03T19:22:39 IST" name="initializeBrowser" finished-at="2023-05-03T19:22:41 IST" duration-ms="2351" status="PASS">
          <params>
            <param index="0">
              <value>
                <![CDATA[Chrome]]>
              </value>
            </param>
          </params>
          <reporter-output>
          </reporter-output>
        </test-method> <!-- initializeBrowser -->
        <test-method signature="verifylogin(java.lang.String,java.lang.String)[pri:0, instance:com.obsqura.testscripts.LoginPageTest@2a448449]" started-at="2023-05-03T19:22:41 IST" name="verifylogin" data-provider="loginProvider" finished-at="2023-05-03T19:22:42 IST" duration-ms="557" status="PASS">
          <params>
            <param index="0">
              <value>
                <![CDATA[Anu]]>
              </value>
            </param>
            <param index="1">
              <value>
                <![CDATA[admin]]>
              </value>
            </param>
          </params>
          <reporter-output>
          </reporter-output>
        </test-method> <!-- verifylogin -->
        <test-method is-config="true" signature="browserQuit(org.testng.ITestResult)[pri:0, instance:com.obsqura.testscripts.LoginPageTest@2a448449]" started-at="2023-05-03T19:22:42 IST" name="browserQuit" finished-at="2023-05-03T19:22:42 IST" duration-ms="279" status="PASS">
          <params>
            <param index="0">
              <value>
                <![CDATA[[TestResult name=verifylogin status=SUCCESS method=LoginPageTest.verifylogin(java.lang.String,java.lang.String)[pri:0, instance:com.obsqura.testscripts.LoginPageTest@2a448449] output={null}]]]>
              </value>
            </param>
          </params>
          <reporter-output>
          </reporter-output>
        </test-method> <!-- browserQuit -->
        <test-method is-config="true" signature="initializeBrowser(java.lang.String)[pri:0, instance:com.obsqura.testscripts.LoginPageTest@2a448449]" started-at="2023-05-03T19:22:42 IST" name="initializeBrowser" finished-at="2023-05-03T19:22:45 IST" duration-ms="2453" status="PASS">
          <params>
            <param index="0">
              <value>
                <![CDATA[Chrome]]>
              </value>
            </param>
          </params>
          <reporter-output>
          </reporter-output>
        </test-method> <!-- initializeBrowser -->
        <test-method signature="verifylogin(java.lang.String,java.lang.String)[pri:0, instance:com.obsqura.testscripts.LoginPageTest@2a448449]" started-at="2023-05-03T19:22:45 IST" name="verifylogin" data-provider="loginProvider" finished-at="2023-05-03T19:22:45 IST" duration-ms="569" status="PASS">
          <params>
            <param index="0">
              <value>
                <![CDATA[admin]]>
              </value>
            </param>
            <param index="1">
              <value>
                <![CDATA[rev]]>
              </value>
            </param>
          </params>
          <reporter-output>
          </reporter-output>
        </test-method> <!-- verifylogin -->
        <test-method is-config="true" signature="browserQuit(org.testng.ITestResult)[pri:0, instance:com.obsqura.testscripts.LoginPageTest@2a448449]" started-at="2023-05-03T19:22:45 IST" name="browserQuit" finished-at="2023-05-03T19:22:46 IST" duration-ms="221" status="PASS">
          <params>
            <param index="0">
              <value>
                <![CDATA[[TestResult name=verifylogin status=SUCCESS method=LoginPageTest.verifylogin(java.lang.String,java.lang.String)[pri:0, instance:com.obsqura.testscripts.LoginPageTest@2a448449] output={null}]]]>
              </value>
            </param>
          </params>
          <reporter-output>
          </reporter-output>
        </test-method> <!-- browserQuit -->
        <test-method is-config="true" signature="initializeBrowser(java.lang.String)[pri:0, instance:com.obsqura.testscripts.LoginPageTest@2a448449]" started-at="2023-05-03T19:22:46 IST" name="initializeBrowser" finished-at="2023-05-03T19:22:48 IST" duration-ms="2128" status="PASS">
          <params>
            <param index="0">
              <value>
                <![CDATA[Chrome]]>
              </value>
            </param>
          </params>
          <reporter-output>
          </reporter-output>
        </test-method> <!-- initializeBrowser -->
        <test-method signature="verifyAlertMessageWithInvalidUsernameAndValidPassword()[pri:0, instance:com.obsqura.testscripts.LoginPageTest@2a448449]" started-at="2023-05-03T19:22:48 IST" name="verifyAlertMessageWithInvalidUsernameAndValidPassword" finished-at="2023-05-03T19:22:48 IST" duration-ms="806" status="PASS">
          <reporter-output>
          </reporter-output>
        </test-method> <!-- verifyAlertMessageWithInvalidUsernameAndValidPassword -->
        <test-method is-config="true" signature="browserQuit(org.testng.ITestResult)[pri:0, instance:com.obsqura.testscripts.LoginPageTest@2a448449]" started-at="2023-05-03T19:22:48 IST" name="browserQuit" finished-at="2023-05-03T19:22:49 IST" duration-ms="266" status="PASS">
          <params>
            <param index="0">
              <value>
                <![CDATA[[TestResult name=verifyAlertMessageWithInvalidUsernameAndValidPassword status=SUCCESS method=LoginPageTest.verifyAlertMessageWithInvalidUsernameAndValidPassword()[pri:0, instance:com.obsqura.testscripts.LoginPageTest@2a448449] output={null}]]]>
              </value>
            </param>
          </params>
          <reporter-output>
          </reporter-output>
        </test-method> <!-- browserQuit -->
        <test-method is-config="true" signature="initializeBrowser(java.lang.String)[pri:0, instance:com.obsqura.testscripts.LoginPageTest@2a448449]" started-at="2023-05-03T19:22:49 IST" name="initializeBrowser" finished-at="2023-05-03T19:22:51 IST" duration-ms="2435" status="PASS">
          <params>
            <param index="0">
              <value>
                <![CDATA[Chrome]]>
              </value>
            </param>
          </params>
          <reporter-output>
          </reporter-output>
        </test-method> <!-- initializeBrowser -->
        <test-method signature="verifyLoginwithValidUsernameAndPassword()[pri:0, instance:com.obsqura.testscripts.LoginPageTest@2a448449]" started-at="2023-05-03T19:22:51 IST" name="verifyLoginwithValidUsernameAndPassword" finished-at="2023-05-03T19:22:52 IST" duration-ms="946" status="PASS">
          <reporter-output>
          </reporter-output>
        </test-method> <!-- verifyLoginwithValidUsernameAndPassword -->
        <test-method is-config="true" signature="browserQuit(org.testng.ITestResult)[pri:0, instance:com.obsqura.testscripts.LoginPageTest@2a448449]" started-at="2023-05-03T19:22:52 IST" name="browserQuit" finished-at="2023-05-03T19:22:52 IST" duration-ms="307" status="PASS">
          <params>
            <param index="0">
              <value>
                <![CDATA[[TestResult name=verifyLoginwithValidUsernameAndPassword status=SUCCESS method=LoginPageTest.verifyLoginwithValidUsernameAndPassword()[pri:0, instance:com.obsqura.testscripts.LoginPageTest@2a448449] output={null}]]]>
              </value>
            </param>
          </params>
          <reporter-output>
          </reporter-output>
        </test-method> <!-- browserQuit -->
      </class> <!-- com.obsqura.testscripts.LoginPageTest -->
      <class name="com.obsqura.testscripts.AdminUsersTest">
        <test-method is-config="true" signature="initializeBrowser(java.lang.String)[pri:0, instance:com.obsqura.testscripts.AdminUsersTest@71454b9d]" started-at="2023-05-03T19:24:19 IST" name="initializeBrowser" finished-at="2023-05-03T19:24:24 IST" duration-ms="4808" status="PASS">
          <params>
            <param index="0">
              <value>
                <![CDATA[Chrome]]>
              </value>
            </param>
          </params>
          <reporter-output>
          </reporter-output>
        </test-method> <!-- initializeBrowser -->
        <test-method signature="verifyAddingUsersInformations()[pri:0, instance:com.obsqura.testscripts.AdminUsersTest@71454b9d]" started-at="2023-05-03T19:24:24 IST" name="verifyAddingUsersInformations" finished-at="2023-05-03T19:24:26 IST" duration-ms="2642" status="PASS">
          <reporter-output>
          </reporter-output>
        </test-method> <!-- verifyAddingUsersInformations -->
        <test-method is-config="true" signature="browserQuit(org.testng.ITestResult)[pri:0, instance:com.obsqura.testscripts.AdminUsersTest@71454b9d]" started-at="2023-05-03T19:24:26 IST" name="browserQuit" finished-at="2023-05-03T19:24:27 IST" duration-ms="261" status="PASS">
          <params>
            <param index="0">
              <value>
                <![CDATA[[TestResult name=verifyAddingUsersInformations status=SUCCESS method=AdminUsersTest.verifyAddingUsersInformations()[pri:0, instance:com.obsqura.testscripts.AdminUsersTest@71454b9d] output={null}]]]>
              </value>
            </param>
          </params>
          <reporter-output>
          </reporter-output>
        </test-method> <!-- browserQuit -->
        <test-method is-config="true" signature="initializeBrowser(java.lang.String)[pri:0, instance:com.obsqura.testscripts.AdminUsersTest@71454b9d]" started-at="2023-05-03T19:24:27 IST" name="initializeBrowser" finished-at="2023-05-03T19:24:29 IST" duration-ms="2440" status="PASS">
          <params>
            <param index="0">
              <value>
                <![CDATA[Chrome]]>
              </value>
            </param>
          </params>
          <reporter-output>
          </reporter-output>
        </test-method> <!-- initializeBrowser -->
        <test-method signature="verifyDeleteFunctionalityAndCheckAlert()[pri:0, instance:com.obsqura.testscripts.AdminUsersTest@71454b9d]" started-at="2023-05-03T19:24:29 IST" name="verifyDeleteFunctionalityAndCheckAlert" finished-at="2023-05-03T19:24:31 IST" duration-ms="2224" status="PASS">
          <reporter-output>
          </reporter-output>
        </test-method> <!-- verifyDeleteFunctionalityAndCheckAlert -->
        <test-method is-config="true" signature="browserQuit(org.testng.ITestResult)[pri:0, instance:com.obsqura.testscripts.AdminUsersTest@71454b9d]" started-at="2023-05-03T19:24:31 IST" name="browserQuit" finished-at="2023-05-03T19:24:31 IST" duration-ms="239" status="PASS">
          <params>
            <param index="0">
              <value>
                <![CDATA[[TestResult name=verifyDeleteFunctionalityAndCheckAlert status=SUCCESS method=AdminUsersTest.verifyDeleteFunctionalityAndCheckAlert()[pri:0, instance:com.obsqura.testscripts.AdminUsersTest@71454b9d] output={null}]]]>
              </value>
            </param>
          </params>
          <reporter-output>
          </reporter-output>
        </test-method> <!-- browserQuit -->
        <test-method is-config="true" signature="initializeBrowser(java.lang.String)[pri:0, instance:com.obsqura.testscripts.AdminUsersTest@71454b9d]" started-at="2023-05-03T19:24:31 IST" name="initializeBrowser" finished-at="2023-05-03T19:24:34 IST" duration-ms="2162" status="PASS">
          <params>
            <param index="0">
              <value>
                <![CDATA[Chrome]]>
              </value>
            </param>
          </params>
          <reporter-output>
          </reporter-output>
        </test-method> <!-- initializeBrowser -->
        <test-method signature="verifyUnlockButtonChangesStatusofUserbyCheckingBackgroundColor()[pri:0, instance:com.obsqura.testscripts.AdminUsersTest@71454b9d]" started-at="2023-05-03T19:24:34 IST" name="verifyUnlockButtonChangesStatusofUserbyCheckingBackgroundColor" finished-at="2023-05-03T19:24:36 IST" duration-ms="2308" status="PASS">
          <reporter-output>
          </reporter-output>
        </test-method> <!-- verifyUnlockButtonChangesStatusofUserbyCheckingBackgroundColor -->
        <test-method is-config="true" signature="browserQuit(org.testng.ITestResult)[pri:0, instance:com.obsqura.testscripts.AdminUsersTest@71454b9d]" started-at="2023-05-03T19:24:36 IST" name="browserQuit" finished-at="2023-05-03T19:24:36 IST" duration-ms="322" status="PASS">
          <params>
            <param index="0">
              <value>
                <![CDATA[[TestResult name=verifyUnlockButtonChangesStatusofUserbyCheckingBackgroundColor status=SUCCESS method=AdminUsersTest.verifyUnlockButtonChangesStatusofUserbyCheckingBackgroundColor()[pri:0, instance:com.obsqura.testscripts.AdminUsersTest@71454b9d] output={null}]]]>
              </value>
            </param>
          </params>
          <reporter-output>
          </reporter-output>
        </test-method> <!-- browserQuit -->
        <test-method is-config="true" signature="initializeBrowser(java.lang.String)[pri:0, instance:com.obsqura.testscripts.AdminUsersTest@71454b9d]" started-at="2023-05-03T19:24:36 IST" name="initializeBrowser" finished-at="2023-05-03T19:24:39 IST" duration-ms="2283" status="PASS">
          <params>
            <param index="0">
              <value>
                <![CDATA[Chrome]]>
              </value>
            </param>
          </params>
          <reporter-output>
          </reporter-output>
        </test-method> <!-- initializeBrowser -->
        <test-method signature="verifyWhenClickingHomeinAdminUsersPageitgoestoDashBoardPage()[pri:0, instance:com.obsqura.testscripts.AdminUsersTest@71454b9d]" started-at="2023-05-03T19:24:39 IST" name="verifyWhenClickingHomeinAdminUsersPageitgoestoDashBoardPage" finished-at="2023-05-03T19:24:41 IST" duration-ms="2127" status="PASS">
          <reporter-output>
          </reporter-output>
        </test-method> <!-- verifyWhenClickingHomeinAdminUsersPageitgoestoDashBoardPage -->
        <test-method is-config="true" signature="browserQuit(org.testng.ITestResult)[pri:0, instance:com.obsqura.testscripts.AdminUsersTest@71454b9d]" started-at="2023-05-03T19:24:41 IST" name="browserQuit" finished-at="2023-05-03T19:24:41 IST" duration-ms="270" status="PASS">
          <params>
            <param index="0">
              <value>
                <![CDATA[[TestResult name=verifyWhenClickingHomeinAdminUsersPageitgoestoDashBoardPage status=SUCCESS method=AdminUsersTest.verifyWhenClickingHomeinAdminUsersPageitgoestoDashBoardPage()[pri:0, instance:com.obsqura.testscripts.AdminUsersTest@71454b9d] output={null}]]]>
              </value>
            </param>
          </params>
          <reporter-output>
          </reporter-output>
        </test-method> <!-- browserQuit -->
        <test-method is-config="true" signature="initializeBrowser(java.lang.String)[pri:0, instance:com.obsqura.testscripts.AdminUsersTest@71454b9d]" started-at="2023-05-03T19:24:41 IST" name="initializeBrowser" finished-at="2023-05-03T19:24:43 IST" duration-ms="2266" status="PASS">
          <params>
            <param index="0">
              <value>
                <![CDATA[Chrome]]>
              </value>
            </param>
          </params>
          <reporter-output>
          </reporter-output>
        </test-method> <!-- initializeBrowser -->
        <test-method signature="verifydropdownMenuWhenAddingUsersInformation()[pri:0, instance:com.obsqura.testscripts.AdminUsersTest@71454b9d]" started-at="2023-05-03T19:24:43 IST" name="verifydropdownMenuWhenAddingUsersInformation" finished-at="2023-05-03T19:24:45 IST" duration-ms="1889" status="PASS">
          <reporter-output>
          </reporter-output>
        </test-method> <!-- verifydropdownMenuWhenAddingUsersInformation -->
        <test-method is-config="true" signature="browserQuit(org.testng.ITestResult)[pri:0, instance:com.obsqura.testscripts.AdminUsersTest@71454b9d]" started-at="2023-05-03T19:24:45 IST" name="browserQuit" finished-at="2023-05-03T19:24:45 IST" duration-ms="261" status="PASS">
          <params>
            <param index="0">
              <value>
                <![CDATA[[TestResult name=verifydropdownMenuWhenAddingUsersInformation status=SUCCESS method=AdminUsersTest.verifydropdownMenuWhenAddingUsersInformation()[pri:0, instance:com.obsqura.testscripts.AdminUsersTest@71454b9d] output={null}]]]>
              </value>
            </param>
          </params>
          <reporter-output>
          </reporter-output>
        </test-method> <!-- browserQuit -->
      </class> <!-- com.obsqura.testscripts.AdminUsersTest -->
      <class name="com.obsqura.testscripts.ExpenseCategoryTest">
        <test-method is-config="true" signature="initializeBrowser(java.lang.String)[pri:0, instance:com.obsqura.testscripts.ExpenseCategoryTest@2a76840c]" started-at="2023-05-03T19:24:01 IST" name="initializeBrowser" finished-at="2023-05-03T19:24:03 IST" duration-ms="2430" status="PASS">
          <params>
            <param index="0">
              <value>
                <![CDATA[Chrome]]>
              </value>
            </param>
          </params>
          <reporter-output>
          </reporter-output>
        </test-method> <!-- initializeBrowser -->
        <test-method signature="verifyAddingExpenseCategoryInformationswithDuplicateTitle()[pri:0, instance:com.obsqura.testscripts.ExpenseCategoryTest@2a76840c]" started-at="2023-05-03T19:24:03 IST" name="verifyAddingExpenseCategoryInformationswithDuplicateTitle" finished-at="2023-05-03T19:24:06 IST" duration-ms="2647" status="PASS">
          <reporter-output>
          </reporter-output>
        </test-method> <!-- verifyAddingExpenseCategoryInformationswithDuplicateTitle -->
        <test-method is-config="true" signature="browserQuit(org.testng.ITestResult)[pri:0, instance:com.obsqura.testscripts.ExpenseCategoryTest@2a76840c]" started-at="2023-05-03T19:24:06 IST" name="browserQuit" finished-at="2023-05-03T19:24:06 IST" duration-ms="311" status="PASS">
          <params>
            <param index="0">
              <value>
                <![CDATA[[TestResult name=verifyAddingExpenseCategoryInformationswithDuplicateTitle status=SUCCESS method=ExpenseCategoryTest.verifyAddingExpenseCategoryInformationswithDuplicateTitle()[pri:0, instance:com.obsqura.testscripts.ExpenseCategoryTest@2a76840c] output={null}]]]>
              </value>
            </param>
          </params>
          <reporter-output>
          </reporter-output>
        </test-method> <!-- browserQuit -->
        <test-method is-config="true" signature="initializeBrowser(java.lang.String)[pri:0, instance:com.obsqura.testscripts.ExpenseCategoryTest@2a76840c]" started-at="2023-05-03T19:24:06 IST" name="initializeBrowser" finished-at="2023-05-03T19:24:09 IST" duration-ms="2313" status="PASS">
          <params>
            <param index="0">
              <value>
                <![CDATA[Chrome]]>
              </value>
            </param>
          </params>
          <reporter-output>
          </reporter-output>
        </test-method> <!-- initializeBrowser -->
        <test-method signature="verifyRowCountofExpenseCategoryTable()[pri:0, instance:com.obsqura.testscripts.ExpenseCategoryTest@2a76840c]" started-at="2023-05-03T19:24:09 IST" name="verifyRowCountofExpenseCategoryTable" finished-at="2023-05-03T19:24:11 IST" duration-ms="2132" status="PASS">
          <reporter-output>
          </reporter-output>
        </test-method> <!-- verifyRowCountofExpenseCategoryTable -->
        <test-method is-config="true" signature="browserQuit(org.testng.ITestResult)[pri:0, instance:com.obsqura.testscripts.ExpenseCategoryTest@2a76840c]" started-at="2023-05-03T19:24:11 IST" name="browserQuit" finished-at="2023-05-03T19:24:11 IST" duration-ms="252" status="PASS">
          <params>
            <param index="0">
              <value>
                <![CDATA[[TestResult name=verifyRowCountofExpenseCategoryTable status=SUCCESS method=ExpenseCategoryTest.verifyRowCountofExpenseCategoryTable()[pri:0, instance:com.obsqura.testscripts.ExpenseCategoryTest@2a76840c] output={null}]]]>
              </value>
            </param>
          </params>
          <reporter-output>
          </reporter-output>
        </test-method> <!-- browserQuit -->
        <test-method is-config="true" signature="initializeBrowser(java.lang.String)[pri:0, instance:com.obsqura.testscripts.ExpenseCategoryTest@2a76840c]" started-at="2023-05-03T19:24:11 IST" name="initializeBrowser" finished-at="2023-05-03T19:24:13 IST" duration-ms="2277" status="PASS">
          <params>
            <param index="0">
              <value>
                <![CDATA[Chrome]]>
              </value>
            </param>
          </params>
          <reporter-output>
          </reporter-output>
        </test-method> <!-- initializeBrowser -->
        <test-method signature="verifyWidthOfActionColumn()[pri:0, instance:com.obsqura.testscripts.ExpenseCategoryTest@2a76840c]" started-at="2023-05-03T19:24:13 IST" name="verifyWidthOfActionColumn" finished-at="2023-05-03T19:24:19 IST" duration-ms="5210" status="PASS">
          <reporter-output>
          </reporter-output>
        </test-method> <!-- verifyWidthOfActionColumn -->
        <test-method is-config="true" signature="browserQuit(org.testng.ITestResult)[pri:0, instance:com.obsqura.testscripts.ExpenseCategoryTest@2a76840c]" started-at="2023-05-03T19:24:19 IST" name="browserQuit" finished-at="2023-05-03T19:24:19 IST" duration-ms="236" status="PASS">
          <params>
            <param index="0">
              <value>
                <![CDATA[[TestResult name=verifyWidthOfActionColumn status=SUCCESS method=ExpenseCategoryTest.verifyWidthOfActionColumn()[pri:0, instance:com.obsqura.testscripts.ExpenseCategoryTest@2a76840c] output={null}]]]>
              </value>
            </param>
          </params>
          <reporter-output>
          </reporter-output>
        </test-method> <!-- browserQuit -->
      </class> <!-- com.obsqura.testscripts.ExpenseCategoryTest -->
      <class name="com.obsqura.testscripts.ManageDeliveryBoyTest">
        <test-method is-config="true" signature="initializeBrowser(java.lang.String)[pri:0, instance:com.obsqura.testscripts.ManageDeliveryBoyTest@4b6690c0]" started-at="2023-05-03T19:23:28 IST" name="initializeBrowser" finished-at="2023-05-03T19:23:31 IST" duration-ms="2227" status="PASS">
          <params>
            <param index="0">
              <value>
                <![CDATA[Chrome]]>
              </value>
            </param>
          </params>
          <reporter-output>
          </reporter-output>
        </test-method> <!-- initializeBrowser -->
        <test-method signature="verifyTitleListDeliveryBoyWhenNavigatetoTheManageDeliveryBoyPage()[pri:0, instance:com.obsqura.testscripts.ManageDeliveryBoyTest@4b6690c0]" started-at="2023-05-03T19:23:31 IST" name="verifyTitleListDeliveryBoyWhenNavigatetoTheManageDeliveryBoyPage" finished-at="2023-05-03T19:23:32 IST" duration-ms="1685" status="PASS">
          <reporter-output>
          </reporter-output>
        </test-method> <!-- verifyTitleListDeliveryBoyWhenNavigatetoTheManageDeliveryBoyPage -->
        <test-method is-config="true" signature="browserQuit(org.testng.ITestResult)[pri:0, instance:com.obsqura.testscripts.ManageDeliveryBoyTest@4b6690c0]" started-at="2023-05-03T19:23:32 IST" name="browserQuit" finished-at="2023-05-03T19:23:33 IST" duration-ms="250" status="PASS">
          <params>
            <param index="0">
              <value>
                <![CDATA[[TestResult name=verifyTitleListDeliveryBoyWhenNavigatetoTheManageDeliveryBoyPage status=SUCCESS method=ManageDeliveryBoyTest.verifyTitleListDeliveryBoyWhenNavigatetoTheManageDeliveryBoyPage()[pri:0, instance:com.obsqura.testscripts.ManageDeliveryBoyTest@4b6690c0] output={null}]]]>
              </value>
            </param>
          </params>
          <reporter-output>
          </reporter-output>
        </test-method> <!-- browserQuit -->
        <test-method is-config="true" signature="initializeBrowser(java.lang.String)[pri:0, instance:com.obsqura.testscripts.ManageDeliveryBoyTest@4b6690c0]" started-at="2023-05-03T19:23:33 IST" name="initializeBrowser" finished-at="2023-05-03T19:23:35 IST" duration-ms="2254" status="PASS">
          <params>
            <param index="0">
              <value>
                <![CDATA[Chrome]]>
              </value>
            </param>
          </params>
          <reporter-output>
          </reporter-output>
        </test-method> <!-- initializeBrowser -->
        <test-method signature="verifynewDeliveryBoyDetailsUpdated()[pri:0, instance:com.obsqura.testscripts.ManageDeliveryBoyTest@4b6690c0]" started-at="2023-05-03T19:23:35 IST" name="verifynewDeliveryBoyDetailsUpdated" finished-at="2023-05-03T19:23:40 IST" duration-ms="5712" status="PASS">
          <reporter-output>
          </reporter-output>
        </test-method> <!-- verifynewDeliveryBoyDetailsUpdated -->
        <test-method is-config="true" signature="browserQuit(org.testng.ITestResult)[pri:0, instance:com.obsqura.testscripts.ManageDeliveryBoyTest@4b6690c0]" started-at="2023-05-03T19:23:40 IST" name="browserQuit" finished-at="2023-05-03T19:23:41 IST" duration-ms="315" status="PASS">
          <params>
            <param index="0">
              <value>
                <![CDATA[[TestResult name=verifynewDeliveryBoyDetailsUpdated status=SUCCESS method=ManageDeliveryBoyTest.verifynewDeliveryBoyDetailsUpdated()[pri:0, instance:com.obsqura.testscripts.ManageDeliveryBoyTest@4b6690c0] output={null}]]]>
              </value>
            </param>
          </params>
          <reporter-output>
          </reporter-output>
        </test-method> <!-- browserQuit -->
        <test-method is-config="true" signature="initializeBrowser(java.lang.String)[pri:0, instance:com.obsqura.testscripts.ManageDeliveryBoyTest@4b6690c0]" started-at="2023-05-03T19:23:41 IST" name="initializeBrowser" finished-at="2023-05-03T19:23:48 IST" duration-ms="7334" status="PASS">
          <params>
            <param index="0">
              <value>
                <![CDATA[Chrome]]>
              </value>
            </param>
          </params>
          <reporter-output>
          </reporter-output>
        </test-method> <!-- initializeBrowser -->
        <test-method signature="verifythatWhenaddingNewDeliveryBoyduplicateUserNameisNotAllowed()[pri:0, instance:com.obsqura.testscripts.ManageDeliveryBoyTest@4b6690c0]" started-at="2023-05-03T19:23:48 IST" name="verifythatWhenaddingNewDeliveryBoyduplicateUserNameisNotAllowed" finished-at="2023-05-03T19:23:51 IST" duration-ms="2969" status="PASS">
          <reporter-output>
          </reporter-output>
        </test-method> <!-- verifythatWhenaddingNewDeliveryBoyduplicateUserNameisNotAllowed -->
        <test-method is-config="true" signature="browserQuit(org.testng.ITestResult)[pri:0, instance:com.obsqura.testscripts.ManageDeliveryBoyTest@4b6690c0]" started-at="2023-05-03T19:23:51 IST" name="browserQuit" finished-at="2023-05-03T19:23:51 IST" duration-ms="289" status="PASS">
          <params>
            <param index="0">
              <value>
                <![CDATA[[TestResult name=verifythatWhenaddingNewDeliveryBoyduplicateUserNameisNotAllowed status=SUCCESS method=ManageDeliveryBoyTest.verifythatWhenaddingNewDeliveryBoyduplicateUserNameisNotAllowed()[pri:0, instance:com.obsqura.testscripts.ManageDeliveryBoyTest@4b6690c0] output={null}]]]>
              </value>
            </param>
          </params>
          <reporter-output>
          </reporter-output>
        </test-method> <!-- browserQuit -->
      </class> <!-- com.obsqura.testscripts.ManageDeliveryBoyTest -->
      <class name="com.obsqura.testscripts.ManagePaymentMethodsTest">
        <test-method is-config="true" signature="initializeBrowser(java.lang.String)[pri:0, instance:com.obsqura.testscripts.ManagePaymentMethodsTest@25bfcafd]" started-at="2023-05-03T19:23:19 IST" name="initializeBrowser" finished-at="2023-05-03T19:23:21 IST" duration-ms="2183" status="PASS">
          <params>
            <param index="0">
              <value>
                <![CDATA[Chrome]]>
              </value>
            </param>
          </params>
          <reporter-output>
          </reporter-output>
        </test-method> <!-- initializeBrowser -->
        <test-method signature="verifytableheadersofManagePaymentMethods()[pri:0, instance:com.obsqura.testscripts.ManagePaymentMethodsTest@25bfcafd]" started-at="2023-05-03T19:23:21 IST" name="verifytableheadersofManagePaymentMethods" finished-at="2023-05-03T19:23:23 IST" duration-ms="1566" status="PASS">
          <reporter-output>
          </reporter-output>
        </test-method> <!-- verifytableheadersofManagePaymentMethods -->
        <test-method is-config="true" signature="browserQuit(org.testng.ITestResult)[pri:0, instance:com.obsqura.testscripts.ManagePaymentMethodsTest@25bfcafd]" started-at="2023-05-03T19:23:23 IST" name="browserQuit" finished-at="2023-05-03T19:23:23 IST" duration-ms="313" status="PASS">
          <params>
            <param index="0">
              <value>
                <![CDATA[[TestResult name=verifytableheadersofManagePaymentMethods status=SUCCESS method=ManagePaymentMethodsTest.verifytableheadersofManagePaymentMethods()[pri:0, instance:com.obsqura.testscripts.ManagePaymentMethodsTest@25bfcafd] output={null}]]]>
              </value>
            </param>
          </params>
          <reporter-output>
          </reporter-output>
        </test-method> <!-- browserQuit -->
        <test-method is-config="true" signature="initializeBrowser(java.lang.String)[pri:0, instance:com.obsqura.testscripts.ManagePaymentMethodsTest@25bfcafd]" started-at="2023-05-03T19:23:23 IST" name="initializeBrowser" finished-at="2023-05-03T19:23:25 IST" duration-ms="2162" status="PASS">
          <params>
            <param index="0">
              <value>
                <![CDATA[Chrome]]>
              </value>
            </param>
          </params>
          <reporter-output>
          </reporter-output>
        </test-method> <!-- initializeBrowser -->
        <test-method signature="verifythatEditchangesInPaylimitUpdatedInManagePaymentMethodsTable()[pri:0, instance:com.obsqura.testscripts.ManagePaymentMethodsTest@25bfcafd]" started-at="2023-05-03T19:23:25 IST" name="verifythatEditchangesInPaylimitUpdatedInManagePaymentMethodsTable" finished-at="2023-05-03T19:23:28 IST" duration-ms="2596" status="PASS">
          <reporter-output>
          </reporter-output>
        </test-method> <!-- verifythatEditchangesInPaylimitUpdatedInManagePaymentMethodsTable -->
        <test-method is-config="true" signature="browserQuit(org.testng.ITestResult)[pri:0, instance:com.obsqura.testscripts.ManagePaymentMethodsTest@25bfcafd]" started-at="2023-05-03T19:23:28 IST" name="browserQuit" finished-at="2023-05-03T19:23:28 IST" duration-ms="303" status="PASS">
          <params>
            <param index="0">
              <value>
                <![CDATA[[TestResult name=verifythatEditchangesInPaylimitUpdatedInManagePaymentMethodsTable status=SUCCESS method=ManagePaymentMethodsTest.verifythatEditchangesInPaylimitUpdatedInManagePaymentMethodsTable()[pri:0, instance:com.obsqura.testscripts.ManagePaymentMethodsTest@25bfcafd] output={null}]]]>
              </value>
            </param>
          </params>
          <reporter-output>
          </reporter-output>
        </test-method> <!-- browserQuit -->
      </class> <!-- com.obsqura.testscripts.ManagePaymentMethodsTest -->
      <class name="com.obsqura.testscripts.ManageSliderTest">
        <test-method is-config="true" signature="initializeBrowser(java.lang.String)[pri:0, instance:com.obsqura.testscripts.ManageSliderTest@46268f08]" started-at="2023-05-03T19:23:51 IST" name="initializeBrowser" finished-at="2023-05-03T19:23:54 IST" duration-ms="2218" status="PASS">
          <params>
            <param index="0">
              <value>
                <![CDATA[Chrome]]>
              </value>
            </param>
          </params>
          <reporter-output>
          </reporter-output>
        </test-method> <!-- initializeBrowser -->
        <test-method signature="verifyImageUploadedSuccesfully()[pri:0, instance:com.obsqura.testscripts.ManageSliderTest@46268f08]" started-at="2023-05-03T19:23:54 IST" name="verifyImageUploadedSuccesfully" finished-at="2023-05-03T19:23:57 IST" duration-ms="2982" status="PASS">
          <reporter-output>
          </reporter-output>
        </test-method> <!-- verifyImageUploadedSuccesfully -->
        <test-method is-config="true" signature="browserQuit(org.testng.ITestResult)[pri:0, instance:com.obsqura.testscripts.ManageSliderTest@46268f08]" started-at="2023-05-03T19:23:57 IST" name="browserQuit" finished-at="2023-05-03T19:23:57 IST" duration-ms="193" status="PASS">
          <params>
            <param index="0">
              <value>
                <![CDATA[[TestResult name=verifyImageUploadedSuccesfully status=SUCCESS method=ManageSliderTest.verifyImageUploadedSuccesfully()[pri:0, instance:com.obsqura.testscripts.ManageSliderTest@46268f08] output={null}]]]>
              </value>
            </param>
          </params>
          <reporter-output>
          </reporter-output>
        </test-method> <!-- browserQuit -->
        <test-method is-config="true" signature="initializeBrowser(java.lang.String)[pri:0, instance:com.obsqura.testscripts.ManageSliderTest@46268f08]" started-at="2023-05-03T19:23:57 IST" name="initializeBrowser" finished-at="2023-05-03T19:23:59 IST" duration-ms="2264" status="PASS">
          <params>
            <param index="0">
              <value>
                <![CDATA[Chrome]]>
              </value>
            </param>
          </params>
          <reporter-output>
          </reporter-output>
        </test-method> <!-- initializeBrowser -->
        <test-method signature="verifyeditbuttonAllignedBeforeDeleteButton()[pri:0, instance:com.obsqura.testscripts.ManageSliderTest@46268f08]" started-at="2023-05-03T19:23:59 IST" name="verifyeditbuttonAllignedBeforeDeleteButton" finished-at="2023-05-03T19:24:01 IST" duration-ms="1762" status="PASS">
          <reporter-output>
          </reporter-output>
        </test-method> <!-- verifyeditbuttonAllignedBeforeDeleteButton -->
        <test-method is-config="true" signature="browserQuit(org.testng.ITestResult)[pri:0, instance:com.obsqura.testscripts.ManageSliderTest@46268f08]" started-at="2023-05-03T19:24:01 IST" name="browserQuit" finished-at="2023-05-03T19:24:01 IST" duration-ms="241" status="PASS">
          <params>
            <param index="0">
              <value>
                <![CDATA[[TestResult name=verifyeditbuttonAllignedBeforeDeleteButton status=SUCCESS method=ManageSliderTest.verifyeditbuttonAllignedBeforeDeleteButton()[pri:0, instance:com.obsqura.testscripts.ManageSliderTest@46268f08] output={null}]]]>
              </value>
            </param>
          </params>
          <reporter-output>
          </reporter-output>
        </test-method> <!-- browserQuit -->
      </class> <!-- com.obsqura.testscripts.ManageSliderTest -->
      <class name="com.obsqura.testscripts.ManageLocationTest">
        <test-method is-config="true" signature="initializeBrowser(java.lang.String)[pri:0, instance:com.obsqura.testscripts.ManageLocationTest@623e088f]" started-at="2023-05-03T19:25:22 IST" name="initializeBrowser" finished-at="2023-05-03T19:25:30 IST" duration-ms="7250" status="PASS">
          <params>
            <param index="0">
              <value>
                <![CDATA[Chrome]]>
              </value>
            </param>
          </params>
          <reporter-output>
          </reporter-output>
        </test-method> <!-- initializeBrowser -->
        <test-method signature="verifyAddLocationInformations()[pri:0, instance:com.obsqura.testscripts.ManageLocationTest@623e088f]" started-at="2023-05-03T19:25:30 IST" name="verifyAddLocationInformations" finished-at="2023-05-03T19:25:33 IST" duration-ms="3094" status="PASS">
          <reporter-output>
          </reporter-output>
        </test-method> <!-- verifyAddLocationInformations -->
        <test-method is-config="true" signature="browserQuit(org.testng.ITestResult)[pri:0, instance:com.obsqura.testscripts.ManageLocationTest@623e088f]" started-at="2023-05-03T19:25:33 IST" name="browserQuit" finished-at="2023-05-03T19:25:33 IST" duration-ms="262" status="PASS">
          <params>
            <param index="0">
              <value>
                <![CDATA[[TestResult name=verifyAddLocationInformations status=SUCCESS method=ManageLocationTest.verifyAddLocationInformations()[pri:0, instance:com.obsqura.testscripts.ManageLocationTest@623e088f] output={null}]]]>
              </value>
            </param>
          </params>
          <reporter-output>
          </reporter-output>
        </test-method> <!-- browserQuit -->
        <test-method is-config="true" signature="initializeBrowser(java.lang.String)[pri:0, instance:com.obsqura.testscripts.ManageLocationTest@623e088f]" started-at="2023-05-03T19:25:33 IST" name="initializeBrowser" finished-at="2023-05-03T19:25:35 IST" duration-ms="2272" status="PASS">
          <params>
            <param index="0">
              <value>
                <![CDATA[Chrome]]>
              </value>
            </param>
          </params>
          <reporter-output>
          </reporter-output>
        </test-method> <!-- initializeBrowser -->
        <test-method signature="verifyEditFunctionality()[pri:0, instance:com.obsqura.testscripts.ManageLocationTest@623e088f]" started-at="2023-05-03T19:25:35 IST" name="verifyEditFunctionality" finished-at="2023-05-03T19:25:38 IST" duration-ms="2966" status="PASS">
          <reporter-output>
          </reporter-output>
        </test-method> <!-- verifyEditFunctionality -->
        <test-method is-config="true" signature="browserQuit(org.testng.ITestResult)[pri:0, instance:com.obsqura.testscripts.ManageLocationTest@623e088f]" started-at="2023-05-03T19:25:38 IST" name="browserQuit" finished-at="2023-05-03T19:25:38 IST" duration-ms="239" status="PASS">
          <params>
            <param index="0">
              <value>
                <![CDATA[[TestResult name=verifyEditFunctionality status=SUCCESS method=ManageLocationTest.verifyEditFunctionality()[pri:0, instance:com.obsqura.testscripts.ManageLocationTest@623e088f] output={null}]]]>
              </value>
            </param>
          </params>
          <reporter-output>
          </reporter-output>
        </test-method> <!-- browserQuit -->
        <test-method is-config="true" signature="initializeBrowser(java.lang.String)[pri:0, instance:com.obsqura.testscripts.ManageLocationTest@623e088f]" started-at="2023-05-03T19:25:38 IST" name="initializeBrowser" finished-at="2023-05-03T19:25:40 IST" duration-ms="2017" status="PASS">
          <params>
            <param index="0">
              <value>
                <![CDATA[Chrome]]>
              </value>
            </param>
          </params>
          <reporter-output>
          </reporter-output>
        </test-method> <!-- initializeBrowser -->
        <test-method retried="true" signature="verifySearchusingCountryAndState()[pri:0, instance:com.obsqura.testscripts.ManageLocationTest@623e088f]" started-at="2023-05-03T19:25:40 IST" name="verifySearchusingCountryAndState" finished-at="2023-05-03T19:25:42 IST" duration-ms="1926" status="SKIP">
          <exception class="org.openqa.selenium.StaleElementReferenceException">
            <message>
              <![CDATA[stale element reference: element is not attached to the page document
  (Session info: chrome=112.0.5615.138)
For documentation on this error, please visit: https://selenium.dev/exceptions/#stale_element_reference
Build info: version: '4.7.2', revision: '4d4020c3b7'
System info: os.name: 'Windows 11', os.arch: 'amd64', os.version: '10.0', java.version: '19.0.2'
Driver info: org.openqa.selenium.chrome.ChromeDriver
Command: [f4000de980f2b159815a55988b505a9a, clickElement {id=97e936dc-b1c4-46c3-9e2b-e05d864f4300}]
Capabilities {acceptInsecureCerts: false, browserName: chrome, browserVersion: 112.0.5615.138, chrome: {chromedriverVersion: 112.0.5615.49 (bd2a7bcb881c..., userDataDir: C:\Users\Admin\AppData\Loca...}, goog:chromeOptions: {debuggerAddress: localhost:62868}, networkConnectionEnabled: false, pageLoadStrategy: normal, platformName: WINDOWS, proxy: Proxy(), se:cdp: ws://localhost:62868/devtoo..., se:cdpVersion: 112.0.5615.138, setWindowRect: true, strictFileInteractability: false, timeouts: {implicit: 0, pageLoad: 300000, script: 30000}, unhandledPromptBehavior: dismiss and notify, webauthn:extension:credBlob: true, webauthn:extension:largeBlob: true, webauthn:extension:minPinLength: true, webauthn:extension:prf: true, webauthn:virtualAuthenticators: true}
Element: [[[[ChromeDriver: chrome on WINDOWS (f4000de980f2b159815a55988b505a9a)] -> xpath: //select[@name='state_id']]] -> xpath: .//option[normalize-space(.) = "England"]]
Session ID: f4000de980f2b159815a55988b505a9a]]>
            </message>
            <full-stacktrace>
              <![CDATA[org.openqa.selenium.StaleElementReferenceException: stale element reference: element is not attached to the page document
  (Session info: chrome=112.0.5615.138)
For documentation on this error, please visit: https://selenium.dev/exceptions/#stale_element_reference
Build info: version: '4.7.2', revision: '4d4020c3b7'
System info: os.name: 'Windows 11', os.arch: 'amd64', os.version: '10.0', java.version: '19.0.2'
Driver info: org.openqa.selenium.chrome.ChromeDriver
Command: [f4000de980f2b159815a55988b505a9a, clickElement {id=97e936dc-b1c4-46c3-9e2b-e05d864f4300}]
Capabilities {acceptInsecureCerts: false, browserName: chrome, browserVersion: 112.0.5615.138, chrome: {chromedriverVersion: 112.0.5615.49 (bd2a7bcb881c..., userDataDir: C:\Users\Admin\AppData\Loca...}, goog:chromeOptions: {debuggerAddress: localhost:62868}, networkConnectionEnabled: false, pageLoadStrategy: normal, platformName: WINDOWS, proxy: Proxy(), se:cdp: ws://localhost:62868/devtoo..., se:cdpVersion: 112.0.5615.138, setWindowRect: true, strictFileInteractability: false, timeouts: {implicit: 0, pageLoad: 300000, script: 30000}, unhandledPromptBehavior: dismiss and notify, webauthn:extension:credBlob: true, webauthn:extension:largeBlob: true, webauthn:extension:minPinLength: true, webauthn:extension:prf: true, webauthn:virtualAuthenticators: true}
Element: [[[[ChromeDriver: chrome on WINDOWS (f4000de980f2b159815a55988b505a9a)] -> xpath: //select[@name='state_id']]] -> xpath: .//option[normalize-space(.) = "England"]]
Session ID: f4000de980f2b159815a55988b505a9a
at java.base/jdk.internal.reflect.DirectConstructorHandleAccessor.newInstance(DirectConstructorHandleAccessor.java:67)
at java.base/java.lang.reflect.Constructor.newInstanceWithCaller(Constructor.java:500)
at java.base/java.lang.reflect.Constructor.newInstance(Constructor.java:484)
at org.openqa.selenium.remote.codec.w3c.W3CHttpResponseCodec.createException(W3CHttpResponseCodec.java:200)
at org.openqa.selenium.remote.codec.w3c.W3CHttpResponseCodec.decode(W3CHttpResponseCodec.java:133)
at org.openqa.selenium.remote.codec.w3c.W3CHttpResponseCodec.decode(W3CHttpResponseCodec.java:53)
at org.openqa.selenium.remote.HttpCommandExecutor.execute(HttpCommandExecutor.java:184)
at org.openqa.selenium.remote.service.DriverCommandExecutor.invokeExecute(DriverCommandExecutor.java:167)
at org.openqa.selenium.remote.service.DriverCommandExecutor.execute(DriverCommandExecutor.java:142)
at org.openqa.selenium.remote.RemoteWebDriver.execute(RemoteWebDriver.java:535)
at org.openqa.selenium.remote.RemoteWebElement.execute(RemoteWebElement.java:257)
at org.openqa.selenium.remote.RemoteWebElement.click(RemoteWebElement.java:78)
at org.openqa.selenium.support.ui.Select.setSelected(Select.java:320)
at org.openqa.selenium.support.ui.Select.selectByVisibleText(Select.java:119)
at utilities.PageUtility.selectDropdownbyText(PageUtility.java:49)
at com.obsqura.pages.ManageLocationPage.selectState(ManageLocationPage.java:79)
at com.obsqura.testscripts.ManageLocationTest.verifySearchusingCountryAndState(ManageLocationTest.java:57)
at java.base/jdk.internal.reflect.DirectMethodHandleAccessor.invoke(DirectMethodHandleAccessor.java:104)
at java.base/java.lang.reflect.Method.invoke(Method.java:578)
at org.testng.internal.MethodInvocationHelper.invokeMethod(MethodInvocationHelper.java:133)
at org.testng.internal.TestInvoker.invokeMethod(TestInvoker.java:598)
at org.testng.internal.TestInvoker.invokeTestMethod(TestInvoker.java:173)
at org.testng.internal.MethodRunner.runInSequence(MethodRunner.java:46)
at org.testng.internal.TestInvoker$MethodInvocationAgent.invoke(TestInvoker.java:824)
at org.testng.internal.TestInvoker.invokeTestMethods(TestInvoker.java:146)
at org.testng.internal.TestMethodWorker.invokeTestMethods(TestMethodWorker.java:146)
at org.testng.internal.TestMethodWorker.run(TestMethodWorker.java:128)
at java.base/java.util.ArrayList.forEach(ArrayList.java:1511)
at org.testng.TestRunner.privateRun(TestRunner.java:794)
at org.testng.TestRunner.run(TestRunner.java:596)
at org.testng.SuiteRunner.runTest(SuiteRunner.java:377)
at org.testng.SuiteRunner.runSequentially(SuiteRunner.java:371)
at org.testng.SuiteRunner.privateRun(SuiteRunner.java:332)
at org.testng.SuiteRunner.run(SuiteRunner.java:276)
at org.testng.SuiteRunnerWorker.runSuite(SuiteRunnerWorker.java:53)
at org.testng.SuiteRunnerWorker.run(SuiteRunnerWorker.java:96)
at org.testng.TestNG.runSuitesSequentially(TestNG.java:1212)
at org.testng.TestNG.runSuitesLocally(TestNG.java:1134)
at org.testng.TestNG.runSuites(TestNG.java:1063)
at org.testng.TestNG.run(TestNG.java:1031)
at org.testng.remote.AbstractRemoteTestNG.run(AbstractRemoteTestNG.java:115)
at org.testng.remote.RemoteTestNG.initAndRun(RemoteTestNG.java:251)
at org.testng.remote.RemoteTestNG.main(RemoteTestNG.java:77)
]]>
            </full-stacktrace>
          </exception> <!-- org.openqa.selenium.StaleElementReferenceException -->
          <reporter-output>
          </reporter-output>
        </test-method> <!-- verifySearchusingCountryAndState -->
        <test-method is-config="true" signature="browserQuit(org.testng.ITestResult)[pri:0, instance:com.obsqura.testscripts.ManageLocationTest@623e088f]" started-at="2023-05-03T19:25:42 IST" name="browserQuit" finished-at="2023-05-03T19:25:43 IST" duration-ms="250" status="PASS">
          <params>
            <param index="0">
              <value>
                <![CDATA[[TestResult name=verifySearchusingCountryAndState status=SKIP method=ManageLocationTest.verifySearchusingCountryAndState()[pri:0, instance:com.obsqura.testscripts.ManageLocationTest@623e088f] output={null}]]]>
              </value>
            </param>
          </params>
          <reporter-output>
          </reporter-output>
        </test-method> <!-- browserQuit -->
        <test-method is-config="true" signature="initializeBrowser(java.lang.String)[pri:0, instance:com.obsqura.testscripts.ManageLocationTest@623e088f]" started-at="2023-05-03T19:25:43 IST" name="initializeBrowser" finished-at="2023-05-03T19:25:45 IST" duration-ms="2261" status="PASS">
          <params>
            <param index="0">
              <value>
                <![CDATA[Chrome]]>
              </value>
            </param>
          </params>
          <reporter-output>
          </reporter-output>
        </test-method> <!-- initializeBrowser -->
        <test-method retried="true" signature="verifySearchusingCountryAndState()[pri:0, instance:com.obsqura.testscripts.ManageLocationTest@623e088f]" started-at="2023-05-03T19:25:45 IST" name="verifySearchusingCountryAndState" finished-at="2023-05-03T19:25:47 IST" duration-ms="1888" status="SKIP">
          <exception class="org.openqa.selenium.StaleElementReferenceException">
            <message>
              <![CDATA[stale element reference: element is not attached to the page document
  (Session info: chrome=112.0.5615.138)
For documentation on this error, please visit: https://selenium.dev/exceptions/#stale_element_reference
Build info: version: '4.7.2', revision: '4d4020c3b7'
System info: os.name: 'Windows 11', os.arch: 'amd64', os.version: '10.0', java.version: '19.0.2'
Driver info: org.openqa.selenium.chrome.ChromeDriver
Command: [aae0325b40a8028cc4c4e872ee453d7b, isElementSelected {id=7135b1d4-926d-4418-9c88-5646f4556356}]
Capabilities {acceptInsecureCerts: false, browserName: chrome, browserVersion: 112.0.5615.138, chrome: {chromedriverVersion: 112.0.5615.49 (bd2a7bcb881c..., userDataDir: C:\Users\Admin\AppData\Loca...}, goog:chromeOptions: {debuggerAddress: localhost:62909}, networkConnectionEnabled: false, pageLoadStrategy: normal, platformName: WINDOWS, proxy: Proxy(), se:cdp: ws://localhost:62909/devtoo..., se:cdpVersion: 112.0.5615.138, setWindowRect: true, strictFileInteractability: false, timeouts: {implicit: 0, pageLoad: 300000, script: 30000}, unhandledPromptBehavior: dismiss and notify, webauthn:extension:credBlob: true, webauthn:extension:largeBlob: true, webauthn:extension:minPinLength: true, webauthn:extension:prf: true, webauthn:virtualAuthenticators: true}
Element: [[[[ChromeDriver: chrome on WINDOWS (aae0325b40a8028cc4c4e872ee453d7b)] -> xpath: //select[@name='state_id']]] -> xpath: .//option[normalize-space(.) = "England"]]
Session ID: aae0325b40a8028cc4c4e872ee453d7b]]>
            </message>
            <full-stacktrace>
              <![CDATA[org.openqa.selenium.StaleElementReferenceException: stale element reference: element is not attached to the page document
  (Session info: chrome=112.0.5615.138)
For documentation on this error, please visit: https://selenium.dev/exceptions/#stale_element_reference
Build info: version: '4.7.2', revision: '4d4020c3b7'
System info: os.name: 'Windows 11', os.arch: 'amd64', os.version: '10.0', java.version: '19.0.2'
Driver info: org.openqa.selenium.chrome.ChromeDriver
Command: [aae0325b40a8028cc4c4e872ee453d7b, isElementSelected {id=7135b1d4-926d-4418-9c88-5646f4556356}]
Capabilities {acceptInsecureCerts: false, browserName: chrome, browserVersion: 112.0.5615.138, chrome: {chromedriverVersion: 112.0.5615.49 (bd2a7bcb881c..., userDataDir: C:\Users\Admin\AppData\Loca...}, goog:chromeOptions: {debuggerAddress: localhost:62909}, networkConnectionEnabled: false, pageLoadStrategy: normal, platformName: WINDOWS, proxy: Proxy(), se:cdp: ws://localhost:62909/devtoo..., se:cdpVersion: 112.0.5615.138, setWindowRect: true, strictFileInteractability: false, timeouts: {implicit: 0, pageLoad: 300000, script: 30000}, unhandledPromptBehavior: dismiss and notify, webauthn:extension:credBlob: true, webauthn:extension:largeBlob: true, webauthn:extension:minPinLength: true, webauthn:extension:prf: true, webauthn:virtualAuthenticators: true}
Element: [[[[ChromeDriver: chrome on WINDOWS (aae0325b40a8028cc4c4e872ee453d7b)] -> xpath: //select[@name='state_id']]] -> xpath: .//option[normalize-space(.) = "England"]]
Session ID: aae0325b40a8028cc4c4e872ee453d7b
at java.base/jdk.internal.reflect.DirectConstructorHandleAccessor.newInstance(DirectConstructorHandleAccessor.java:67)
at java.base/java.lang.reflect.Constructor.newInstanceWithCaller(Constructor.java:500)
at java.base/java.lang.reflect.Constructor.newInstance(Constructor.java:484)
at org.openqa.selenium.remote.codec.w3c.W3CHttpResponseCodec.createException(W3CHttpResponseCodec.java:200)
at org.openqa.selenium.remote.codec.w3c.W3CHttpResponseCodec.decode(W3CHttpResponseCodec.java:133)
at org.openqa.selenium.remote.codec.w3c.W3CHttpResponseCodec.decode(W3CHttpResponseCodec.java:53)
at org.openqa.selenium.remote.HttpCommandExecutor.execute(HttpCommandExecutor.java:184)
at org.openqa.selenium.remote.service.DriverCommandExecutor.invokeExecute(DriverCommandExecutor.java:167)
at org.openqa.selenium.remote.service.DriverCommandExecutor.execute(DriverCommandExecutor.java:142)
at org.openqa.selenium.remote.RemoteWebDriver.execute(RemoteWebDriver.java:535)
at org.openqa.selenium.remote.RemoteWebElement.execute(RemoteWebElement.java:257)
at org.openqa.selenium.remote.RemoteWebElement.isSelected(RemoteWebElement.java:185)
at org.openqa.selenium.support.ui.Select.setSelected(Select.java:319)
at org.openqa.selenium.support.ui.Select.selectByVisibleText(Select.java:119)
at utilities.PageUtility.selectDropdownbyText(PageUtility.java:49)
at com.obsqura.pages.ManageLocationPage.selectState(ManageLocationPage.java:79)
at com.obsqura.testscripts.ManageLocationTest.verifySearchusingCountryAndState(ManageLocationTest.java:57)
at java.base/jdk.internal.reflect.DirectMethodHandleAccessor.invoke(DirectMethodHandleAccessor.java:104)
at java.base/java.lang.reflect.Method.invoke(Method.java:578)
at org.testng.internal.MethodInvocationHelper.invokeMethod(MethodInvocationHelper.java:133)
at org.testng.internal.TestInvoker.invokeMethod(TestInvoker.java:598)
at org.testng.internal.TestInvoker.retryFailed(TestInvoker.java:213)
at org.testng.internal.MethodRunner.runInSequence(MethodRunner.java:58)
at org.testng.internal.TestInvoker$MethodInvocationAgent.invoke(TestInvoker.java:824)
at org.testng.internal.TestInvoker.invokeTestMethods(TestInvoker.java:146)
at org.testng.internal.TestMethodWorker.invokeTestMethods(TestMethodWorker.java:146)
at org.testng.internal.TestMethodWorker.run(TestMethodWorker.java:128)
at java.base/java.util.ArrayList.forEach(ArrayList.java:1511)
at org.testng.TestRunner.privateRun(TestRunner.java:794)
at org.testng.TestRunner.run(TestRunner.java:596)
at org.testng.SuiteRunner.runTest(SuiteRunner.java:377)
at org.testng.SuiteRunner.runSequentially(SuiteRunner.java:371)
at org.testng.SuiteRunner.privateRun(SuiteRunner.java:332)
at org.testng.SuiteRunner.run(SuiteRunner.java:276)
at org.testng.SuiteRunnerWorker.runSuite(SuiteRunnerWorker.java:53)
at org.testng.SuiteRunnerWorker.run(SuiteRunnerWorker.java:96)
at org.testng.TestNG.runSuitesSequentially(TestNG.java:1212)
at org.testng.TestNG.runSuitesLocally(TestNG.java:1134)
at org.testng.TestNG.runSuites(TestNG.java:1063)
at org.testng.TestNG.run(TestNG.java:1031)
at org.testng.remote.AbstractRemoteTestNG.run(AbstractRemoteTestNG.java:115)
at org.testng.remote.RemoteTestNG.initAndRun(RemoteTestNG.java:251)
at org.testng.remote.RemoteTestNG.main(RemoteTestNG.java:77)
]]>
            </full-stacktrace>
          </exception> <!-- org.openqa.selenium.StaleElementReferenceException -->
          <reporter-output>
          </reporter-output>
        </test-method> <!-- verifySearchusingCountryAndState -->
        <test-method is-config="true" signature="browserQuit(org.testng.ITestResult)[pri:0, instance:com.obsqura.testscripts.ManageLocationTest@623e088f]" started-at="2023-05-03T19:25:47 IST" name="browserQuit" finished-at="2023-05-03T19:25:47 IST" duration-ms="309" status="PASS">
          <params>
            <param index="0">
              <value>
                <![CDATA[[TestResult name=verifySearchusingCountryAndState status=SKIP method=ManageLocationTest.verifySearchusingCountryAndState()[pri:0, instance:com.obsqura.testscripts.ManageLocationTest@623e088f] output={null}]]]>
              </value>
            </param>
          </params>
          <reporter-output>
          </reporter-output>
        </test-method> <!-- browserQuit -->
        <test-method is-config="true" signature="initializeBrowser(java.lang.String)[pri:0, instance:com.obsqura.testscripts.ManageLocationTest@623e088f]" started-at="2023-05-03T19:25:47 IST" name="initializeBrowser" finished-at="2023-05-03T19:25:49 IST" duration-ms="2223" status="PASS">
          <params>
            <param index="0">
              <value>
                <![CDATA[Chrome]]>
              </value>
            </param>
          </params>
          <reporter-output>
          </reporter-output>
        </test-method> <!-- initializeBrowser -->
        <test-method signature="verifySearchusingCountryAndState()[pri:0, instance:com.obsqura.testscripts.ManageLocationTest@623e088f]" started-at="2023-05-03T19:25:49 IST" name="verifySearchusingCountryAndState" finished-at="2023-05-03T19:25:53 IST" duration-ms="3771" status="PASS">
          <reporter-output>
          </reporter-output>
        </test-method> <!-- verifySearchusingCountryAndState -->
        <test-method is-config="true" signature="browserQuit(org.testng.ITestResult)[pri:0, instance:com.obsqura.testscripts.ManageLocationTest@623e088f]" started-at="2023-05-03T19:25:53 IST" name="browserQuit" finished-at="2023-05-03T19:25:53 IST" duration-ms="268" status="PASS">
          <params>
            <param index="0">
              <value>
                <![CDATA[[TestResult name=verifySearchusingCountryAndState status=SUCCESS method=ManageLocationTest.verifySearchusingCountryAndState()[pri:0, instance:com.obsqura.testscripts.ManageLocationTest@623e088f] output={null}]]]>
              </value>
            </param>
          </params>
          <reporter-output>
          </reporter-output>
        </test-method> <!-- browserQuit -->
      </class> <!-- com.obsqura.testscripts.ManageLocationTest -->
      <class name="com.obsqura.testscripts.ManageUsersTest">
        <test-method is-config="true" signature="initializeBrowser(java.lang.String)[pri:0, instance:com.obsqura.testscripts.ManageUsersTest@eda25e5]" started-at="2023-05-03T19:24:45 IST" name="initializeBrowser" finished-at="2023-05-03T19:24:47 IST" duration-ms="2091" status="PASS">
          <params>
            <param index="0">
              <value>
                <![CDATA[Chrome]]>
              </value>
            </param>
          </params>
          <reporter-output>
          </reporter-output>
        </test-method> <!-- initializeBrowser -->
        <test-method signature="verifyBackGroundColorOfAlert()[pri:0, instance:com.obsqura.testscripts.ManageUsersTest@eda25e5]" started-at="2023-05-03T19:24:47 IST" name="verifyBackGroundColorOfAlert" finished-at="2023-05-03T19:24:49 IST" duration-ms="1713" status="PASS">
          <reporter-output>
          </reporter-output>
        </test-method> <!-- verifyBackGroundColorOfAlert -->
        <test-method is-config="true" signature="browserQuit(org.testng.ITestResult)[pri:0, instance:com.obsqura.testscripts.ManageUsersTest@eda25e5]" started-at="2023-05-03T19:24:49 IST" name="browserQuit" finished-at="2023-05-03T19:24:49 IST" duration-ms="203" status="PASS">
          <params>
            <param index="0">
              <value>
                <![CDATA[[TestResult name=verifyBackGroundColorOfAlert status=SUCCESS method=ManageUsersTest.verifyBackGroundColorOfAlert()[pri:0, instance:com.obsqura.testscripts.ManageUsersTest@eda25e5] output={null}]]]>
              </value>
            </param>
          </params>
          <reporter-output>
          </reporter-output>
        </test-method> <!-- browserQuit -->
        <test-method is-config="true" signature="initializeBrowser(java.lang.String)[pri:0, instance:com.obsqura.testscripts.ManageUsersTest@eda25e5]" started-at="2023-05-03T19:24:49 IST" name="initializeBrowser" finished-at="2023-05-03T19:24:52 IST" duration-ms="2251" status="PASS">
          <params>
            <param index="0">
              <value>
                <![CDATA[Chrome]]>
              </value>
            </param>
          </params>
          <reporter-output>
          </reporter-output>
        </test-method> <!-- initializeBrowser -->
        <test-method signature="verifySearchFunctinality()[pri:0, instance:com.obsqura.testscripts.ManageUsersTest@eda25e5]" started-at="2023-05-03T19:24:52 IST" name="verifySearchFunctinality" finished-at="2023-05-03T19:24:53 IST" duration-ms="1748" status="PASS">
          <reporter-output>
          </reporter-output>
        </test-method> <!-- verifySearchFunctinality -->
        <test-method is-config="true" signature="browserQuit(org.testng.ITestResult)[pri:0, instance:com.obsqura.testscripts.ManageUsersTest@eda25e5]" started-at="2023-05-03T19:24:53 IST" name="browserQuit" finished-at="2023-05-03T19:24:54 IST" duration-ms="302" status="PASS">
          <params>
            <param index="0">
              <value>
                <![CDATA[[TestResult name=verifySearchFunctinality status=SUCCESS method=ManageUsersTest.verifySearchFunctinality()[pri:0, instance:com.obsqura.testscripts.ManageUsersTest@eda25e5] output={null}]]]>
              </value>
            </param>
          </params>
          <reporter-output>
          </reporter-output>
        </test-method> <!-- browserQuit -->
        <test-method is-config="true" signature="initializeBrowser(java.lang.String)[pri:0, instance:com.obsqura.testscripts.ManageUsersTest@eda25e5]" started-at="2023-05-03T19:24:54 IST" name="initializeBrowser" finished-at="2023-05-03T19:24:56 IST" duration-ms="2227" status="PASS">
          <params>
            <param index="0">
              <value>
                <![CDATA[Chrome]]>
              </value>
            </param>
          </params>
          <reporter-output>
          </reporter-output>
        </test-method> <!-- initializeBrowser -->
        <test-method signature="verifythatWhenclickingPaaswordButtonPasswordIsShownInBelowRow()[pri:0, instance:com.obsqura.testscripts.ManageUsersTest@eda25e5]" started-at="2023-05-03T19:24:56 IST" name="verifythatWhenclickingPaaswordButtonPasswordIsShownInBelowRow" finished-at="2023-05-03T19:24:57 IST" duration-ms="1414" status="PASS">
          <reporter-output>
          </reporter-output>
        </test-method> <!-- verifythatWhenclickingPaaswordButtonPasswordIsShownInBelowRow -->
        <test-method is-config="true" signature="browserQuit(org.testng.ITestResult)[pri:0, instance:com.obsqura.testscripts.ManageUsersTest@eda25e5]" started-at="2023-05-03T19:24:57 IST" name="browserQuit" finished-at="2023-05-03T19:24:58 IST" duration-ms="265" status="PASS">
          <params>
            <param index="0">
              <value>
                <![CDATA[[TestResult name=verifythatWhenclickingPaaswordButtonPasswordIsShownInBelowRow status=SUCCESS method=ManageUsersTest.verifythatWhenclickingPaaswordButtonPasswordIsShownInBelowRow()[pri:0, instance:com.obsqura.testscripts.ManageUsersTest@eda25e5] output={null}]]]>
              </value>
            </param>
          </params>
          <reporter-output>
          </reporter-output>
        </test-method> <!-- browserQuit -->
      </class> <!-- com.obsqura.testscripts.ManageUsersTest -->
      <class name="com.obsqura.testscripts.PushNotificationsTest">
        <test-method is-config="true" signature="initializeBrowser(java.lang.String)[pri:0, instance:com.obsqura.testscripts.PushNotificationsTest@1852a3ff]" started-at="2023-05-03T19:23:01 IST" name="initializeBrowser" finished-at="2023-05-03T19:23:03 IST" duration-ms="2346" status="PASS">
          <params>
            <param index="0">
              <value>
                <![CDATA[Chrome]]>
              </value>
            </param>
          </params>
          <reporter-output>
          </reporter-output>
        </test-method> <!-- initializeBrowser -->
        <test-method signature="verfyNotificationSentSuccessfully()[pri:0, instance:com.obsqura.testscripts.PushNotificationsTest@1852a3ff]" started-at="2023-05-03T19:23:03 IST" name="verfyNotificationSentSuccessfully" finished-at="2023-05-03T19:23:06 IST" duration-ms="2629" status="PASS">
          <reporter-output>
          </reporter-output>
        </test-method> <!-- verfyNotificationSentSuccessfully -->
        <test-method is-config="true" signature="browserQuit(org.testng.ITestResult)[pri:0, instance:com.obsqura.testscripts.PushNotificationsTest@1852a3ff]" started-at="2023-05-03T19:23:06 IST" name="browserQuit" finished-at="2023-05-03T19:23:06 IST" duration-ms="286" status="PASS">
          <params>
            <param index="0">
              <value>
                <![CDATA[[TestResult name=verfyNotificationSentSuccessfully status=SUCCESS method=PushNotificationsTest.verfyNotificationSentSuccessfully()[pri:0, instance:com.obsqura.testscripts.PushNotificationsTest@1852a3ff] output={null}]]]>
              </value>
            </param>
          </params>
          <reporter-output>
          </reporter-output>
        </test-method> <!-- browserQuit -->
      </class> <!-- com.obsqura.testscripts.PushNotificationsTest -->
      <class name="com.obsqura.testscripts.ManageOfferCodeTest">
        <test-method is-config="true" signature="initializeBrowser(java.lang.String)[pri:0, instance:com.obsqura.testscripts.ManageOfferCodeTest@7cf6a5f9]" started-at="2023-05-03T19:24:58 IST" name="initializeBrowser" finished-at="2023-05-03T19:25:00 IST" duration-ms="2077" status="PASS">
          <params>
            <param index="0">
              <value>
                <![CDATA[Chrome]]>
              </value>
            </param>
          </params>
          <reporter-output>
          </reporter-output>
        </test-method> <!-- initializeBrowser -->
        <test-method retried="true" signature="verifyDeleteFunctionality()[pri:0, instance:com.obsqura.testscripts.ManageOfferCodeTest@7cf6a5f9]" started-at="2023-05-03T19:25:00 IST" name="verifyDeleteFunctionality" finished-at="2023-05-03T19:25:02 IST" duration-ms="1891" status="SKIP">
          <exception class="java.lang.AssertionError">
            <message>
              <![CDATA[expected [true] but found [false]]]>
            </message>
            <full-stacktrace>
              <![CDATA[java.lang.AssertionError: expected [true] but found [false]
at org.testng.Assert.fail(Assert.java:99)
at org.testng.Assert.failNotEquals(Assert.java:1037)
at org.testng.Assert.assertTrue(Assert.java:45)
at org.testng.Assert.assertTrue(Assert.java:55)
at com.obsqura.testscripts.ManageOfferCodeTest.verifyDeleteFunctionality(ManageOfferCodeTest.java:55)
at java.base/jdk.internal.reflect.DirectMethodHandleAccessor.invoke(DirectMethodHandleAccessor.java:104)
at java.base/java.lang.reflect.Method.invoke(Method.java:578)
at org.testng.internal.MethodInvocationHelper.invokeMethod(MethodInvocationHelper.java:133)
at org.testng.internal.TestInvoker.invokeMethod(TestInvoker.java:598)
at org.testng.internal.TestInvoker.invokeTestMethod(TestInvoker.java:173)
at org.testng.internal.MethodRunner.runInSequence(MethodRunner.java:46)
at org.testng.internal.TestInvoker$MethodInvocationAgent.invoke(TestInvoker.java:824)
at org.testng.internal.TestInvoker.invokeTestMethods(TestInvoker.java:146)
at org.testng.internal.TestMethodWorker.invokeTestMethods(TestMethodWorker.java:146)
at org.testng.internal.TestMethodWorker.run(TestMethodWorker.java:128)
at java.base/java.util.ArrayList.forEach(ArrayList.java:1511)
at org.testng.TestRunner.privateRun(TestRunner.java:794)
at org.testng.TestRunner.run(TestRunner.java:596)
at org.testng.SuiteRunner.runTest(SuiteRunner.java:377)
at org.testng.SuiteRunner.runSequentially(SuiteRunner.java:371)
at org.testng.SuiteRunner.privateRun(SuiteRunner.java:332)
at org.testng.SuiteRunner.run(SuiteRunner.java:276)
at org.testng.SuiteRunnerWorker.runSuite(SuiteRunnerWorker.java:53)
at org.testng.SuiteRunnerWorker.run(SuiteRunnerWorker.java:96)
at org.testng.TestNG.runSuitesSequentially(TestNG.java:1212)
at org.testng.TestNG.runSuitesLocally(TestNG.java:1134)
at org.testng.TestNG.runSuites(TestNG.java:1063)
at org.testng.TestNG.run(TestNG.java:1031)
at org.testng.remote.AbstractRemoteTestNG.run(AbstractRemoteTestNG.java:115)
at org.testng.remote.RemoteTestNG.initAndRun(RemoteTestNG.java:251)
at org.testng.remote.RemoteTestNG.main(RemoteTestNG.java:77)
]]>
            </full-stacktrace>
          </exception> <!-- java.lang.AssertionError -->
          <reporter-output>
          </reporter-output>
        </test-method> <!-- verifyDeleteFunctionality -->
        <test-method is-config="true" signature="browserQuit(org.testng.ITestResult)[pri:0, instance:com.obsqura.testscripts.ManageOfferCodeTest@7cf6a5f9]" started-at="2023-05-03T19:25:02 IST" name="browserQuit" finished-at="2023-05-03T19:25:02 IST" duration-ms="267" status="PASS">
          <params>
            <param index="0">
              <value>
                <![CDATA[[TestResult name=verifyDeleteFunctionality status=SKIP method=ManageOfferCodeTest.verifyDeleteFunctionality()[pri:0, instance:com.obsqura.testscripts.ManageOfferCodeTest@7cf6a5f9] output={null}]]]>
              </value>
            </param>
          </params>
          <reporter-output>
          </reporter-output>
        </test-method> <!-- browserQuit -->
        <test-method is-config="true" signature="initializeBrowser(java.lang.String)[pri:0, instance:com.obsqura.testscripts.ManageOfferCodeTest@7cf6a5f9]" started-at="2023-05-03T19:25:02 IST" name="initializeBrowser" finished-at="2023-05-03T19:25:04 IST" duration-ms="2238" status="PASS">
          <params>
            <param index="0">
              <value>
                <![CDATA[Chrome]]>
              </value>
            </param>
          </params>
          <reporter-output>
          </reporter-output>
        </test-method> <!-- initializeBrowser -->
        <test-method retried="true" signature="verifyDeleteFunctionality()[pri:0, instance:com.obsqura.testscripts.ManageOfferCodeTest@7cf6a5f9]" started-at="2023-05-03T19:25:04 IST" name="verifyDeleteFunctionality" finished-at="2023-05-03T19:25:06 IST" duration-ms="2108" status="SKIP">
          <exception class="java.lang.AssertionError">
            <message>
              <![CDATA[expected [true] but found [false]]]>
            </message>
            <full-stacktrace>
              <![CDATA[java.lang.AssertionError: expected [true] but found [false]
at org.testng.Assert.fail(Assert.java:99)
at org.testng.Assert.failNotEquals(Assert.java:1037)
at org.testng.Assert.assertTrue(Assert.java:45)
at org.testng.Assert.assertTrue(Assert.java:55)
at com.obsqura.testscripts.ManageOfferCodeTest.verifyDeleteFunctionality(ManageOfferCodeTest.java:55)
at java.base/jdk.internal.reflect.DirectMethodHandleAccessor.invoke(DirectMethodHandleAccessor.java:104)
at java.base/java.lang.reflect.Method.invoke(Method.java:578)
at org.testng.internal.MethodInvocationHelper.invokeMethod(MethodInvocationHelper.java:133)
at org.testng.internal.TestInvoker.invokeMethod(TestInvoker.java:598)
at org.testng.internal.TestInvoker.retryFailed(TestInvoker.java:213)
at org.testng.internal.MethodRunner.runInSequence(MethodRunner.java:58)
at org.testng.internal.TestInvoker$MethodInvocationAgent.invoke(TestInvoker.java:824)
at org.testng.internal.TestInvoker.invokeTestMethods(TestInvoker.java:146)
at org.testng.internal.TestMethodWorker.invokeTestMethods(TestMethodWorker.java:146)
at org.testng.internal.TestMethodWorker.run(TestMethodWorker.java:128)
at java.base/java.util.ArrayList.forEach(ArrayList.java:1511)
at org.testng.TestRunner.privateRun(TestRunner.java:794)
at org.testng.TestRunner.run(TestRunner.java:596)
at org.testng.SuiteRunner.runTest(SuiteRunner.java:377)
at org.testng.SuiteRunner.runSequentially(SuiteRunner.java:371)
at org.testng.SuiteRunner.privateRun(SuiteRunner.java:332)
at org.testng.SuiteRunner.run(SuiteRunner.java:276)
at org.testng.SuiteRunnerWorker.runSuite(SuiteRunnerWorker.java:53)
at org.testng.SuiteRunnerWorker.run(SuiteRunnerWorker.java:96)
at org.testng.TestNG.runSuitesSequentially(TestNG.java:1212)
at org.testng.TestNG.runSuitesLocally(TestNG.java:1134)
at org.testng.TestNG.runSuites(TestNG.java:1063)
at org.testng.TestNG.run(TestNG.java:1031)
at org.testng.remote.AbstractRemoteTestNG.run(AbstractRemoteTestNG.java:115)
at org.testng.remote.RemoteTestNG.initAndRun(RemoteTestNG.java:251)
at org.testng.remote.RemoteTestNG.main(RemoteTestNG.java:77)
]]>
            </full-stacktrace>
          </exception> <!-- java.lang.AssertionError -->
          <reporter-output>
          </reporter-output>
        </test-method> <!-- verifyDeleteFunctionality -->
        <test-method is-config="true" signature="browserQuit(org.testng.ITestResult)[pri:0, instance:com.obsqura.testscripts.ManageOfferCodeTest@7cf6a5f9]" started-at="2023-05-03T19:25:06 IST" name="browserQuit" finished-at="2023-05-03T19:25:06 IST" duration-ms="248" status="PASS">
          <params>
            <param index="0">
              <value>
                <![CDATA[[TestResult name=verifyDeleteFunctionality status=SKIP method=ManageOfferCodeTest.verifyDeleteFunctionality()[pri:0, instance:com.obsqura.testscripts.ManageOfferCodeTest@7cf6a5f9] output={null}]]]>
              </value>
            </param>
          </params>
          <reporter-output>
          </reporter-output>
        </test-method> <!-- browserQuit -->
        <test-method is-config="true" signature="initializeBrowser(java.lang.String)[pri:0, instance:com.obsqura.testscripts.ManageOfferCodeTest@7cf6a5f9]" started-at="2023-05-03T19:25:06 IST" name="initializeBrowser" finished-at="2023-05-03T19:25:09 IST" duration-ms="2311" status="PASS">
          <params>
            <param index="0">
              <value>
                <![CDATA[Chrome]]>
              </value>
            </param>
          </params>
          <reporter-output>
          </reporter-output>
        </test-method> <!-- initializeBrowser -->
        <test-method signature="verifyDeleteFunctionality()[pri:0, instance:com.obsqura.testscripts.ManageOfferCodeTest@7cf6a5f9]" started-at="2023-05-03T19:25:09 IST" name="verifyDeleteFunctionality" finished-at="2023-05-03T19:25:11 IST" duration-ms="2012" status="FAIL">
          <exception class="java.lang.AssertionError">
            <message>
              <![CDATA[expected [true] but found [false]]]>
            </message>
            <full-stacktrace>
              <![CDATA[java.lang.AssertionError: expected [true] but found [false]
at org.testng.Assert.fail(Assert.java:99)
at org.testng.Assert.failNotEquals(Assert.java:1037)
at org.testng.Assert.assertTrue(Assert.java:45)
at org.testng.Assert.assertTrue(Assert.java:55)
at com.obsqura.testscripts.ManageOfferCodeTest.verifyDeleteFunctionality(ManageOfferCodeTest.java:55)
at java.base/jdk.internal.reflect.DirectMethodHandleAccessor.invoke(DirectMethodHandleAccessor.java:104)
at java.base/java.lang.reflect.Method.invoke(Method.java:578)
at org.testng.internal.MethodInvocationHelper.invokeMethod(MethodInvocationHelper.java:133)
at org.testng.internal.TestInvoker.invokeMethod(TestInvoker.java:598)
at org.testng.internal.TestInvoker.retryFailed(TestInvoker.java:213)
at org.testng.internal.MethodRunner.runInSequence(MethodRunner.java:58)
at org.testng.internal.TestInvoker$MethodInvocationAgent.invoke(TestInvoker.java:824)
at org.testng.internal.TestInvoker.invokeTestMethods(TestInvoker.java:146)
at org.testng.internal.TestMethodWorker.invokeTestMethods(TestMethodWorker.java:146)
at org.testng.internal.TestMethodWorker.run(TestMethodWorker.java:128)
at java.base/java.util.ArrayList.forEach(ArrayList.java:1511)
at org.testng.TestRunner.privateRun(TestRunner.java:794)
at org.testng.TestRunner.run(TestRunner.java:596)
at org.testng.SuiteRunner.runTest(SuiteRunner.java:377)
at org.testng.SuiteRunner.runSequentially(SuiteRunner.java:371)
at org.testng.SuiteRunner.privateRun(SuiteRunner.java:332)
at org.testng.SuiteRunner.run(SuiteRunner.java:276)
at org.testng.SuiteRunnerWorker.runSuite(SuiteRunnerWorker.java:53)
at org.testng.SuiteRunnerWorker.run(SuiteRunnerWorker.java:96)
at org.testng.TestNG.runSuitesSequentially(TestNG.java:1212)
at org.testng.TestNG.runSuitesLocally(TestNG.java:1134)
at org.testng.TestNG.runSuites(TestNG.java:1063)
at org.testng.TestNG.run(TestNG.java:1031)
at org.testng.remote.AbstractRemoteTestNG.run(AbstractRemoteTestNG.java:115)
at org.testng.remote.RemoteTestNG.initAndRun(RemoteTestNG.java:251)
at org.testng.remote.RemoteTestNG.main(RemoteTestNG.java:77)
]]>
            </full-stacktrace>
          </exception> <!-- java.lang.AssertionError -->
          <reporter-output>
          </reporter-output>
        </test-method> <!-- verifyDeleteFunctionality -->
        <test-method is-config="true" signature="browserQuit(org.testng.ITestResult)[pri:0, instance:com.obsqura.testscripts.ManageOfferCodeTest@7cf6a5f9]" started-at="2023-05-03T19:25:11 IST" name="browserQuit" finished-at="2023-05-03T19:25:11 IST" duration-ms="421" status="PASS">
          <params>
            <param index="0">
              <value>
                <![CDATA[[TestResult name=verifyDeleteFunctionality status=FAILURE method=ManageOfferCodeTest.verifyDeleteFunctionality()[pri:0, instance:com.obsqura.testscripts.ManageOfferCodeTest@7cf6a5f9] output={null}]]]>
              </value>
            </param>
          </params>
          <reporter-output>
          </reporter-output>
        </test-method> <!-- browserQuit -->
        <test-method is-config="true" signature="initializeBrowser(java.lang.String)[pri:0, instance:com.obsqura.testscripts.ManageOfferCodeTest@7cf6a5f9]" started-at="2023-05-03T19:25:11 IST" name="initializeBrowser" finished-at="2023-05-03T19:25:14 IST" duration-ms="2490" status="PASS">
          <params>
            <param index="0">
              <value>
                <![CDATA[Chrome]]>
              </value>
            </param>
          </params>
          <reporter-output>
          </reporter-output>
        </test-method> <!-- initializeBrowser -->
        <test-method signature="verifyNewFunctinalityinOfferCodesListAndOffercodeUpdatedSuccessfully()[pri:0, instance:com.obsqura.testscripts.ManageOfferCodeTest@7cf6a5f9]" started-at="2023-05-03T19:25:14 IST" name="verifyNewFunctinalityinOfferCodesListAndOffercodeUpdatedSuccessfully" finished-at="2023-05-03T19:25:17 IST" duration-ms="3577" status="PASS">
          <reporter-output>
          </reporter-output>
        </test-method> <!-- verifyNewFunctinalityinOfferCodesListAndOffercodeUpdatedSuccessfully -->
        <test-method is-config="true" signature="browserQuit(org.testng.ITestResult)[pri:0, instance:com.obsqura.testscripts.ManageOfferCodeTest@7cf6a5f9]" started-at="2023-05-03T19:25:17 IST" name="browserQuit" finished-at="2023-05-03T19:25:18 IST" duration-ms="266" status="PASS">
          <params>
            <param index="0">
              <value>
                <![CDATA[[TestResult name=verifyNewFunctinalityinOfferCodesListAndOffercodeUpdatedSuccessfully status=SUCCESS method=ManageOfferCodeTest.verifyNewFunctinalityinOfferCodesListAndOffercodeUpdatedSuccessfully()[pri:0, instance:com.obsqura.testscripts.ManageOfferCodeTest@7cf6a5f9] output={null}]]]>
              </value>
            </param>
          </params>
          <reporter-output>
          </reporter-output>
        </test-method> <!-- browserQuit -->
        <test-method is-config="true" signature="initializeBrowser(java.lang.String)[pri:0, instance:com.obsqura.testscripts.ManageOfferCodeTest@7cf6a5f9]" started-at="2023-05-03T19:25:18 IST" name="initializeBrowser" finished-at="2023-05-03T19:25:20 IST" duration-ms="2374" status="PASS">
          <params>
            <param index="0">
              <value>
                <![CDATA[Chrome]]>
              </value>
            </param>
          </params>
          <reporter-output>
          </reporter-output>
        </test-method> <!-- initializeBrowser -->
        <test-method signature="verifySearchIfElementisNotPresent()[pri:0, instance:com.obsqura.testscripts.ManageOfferCodeTest@7cf6a5f9]" started-at="2023-05-03T19:25:20 IST" name="verifySearchIfElementisNotPresent" finished-at="2023-05-03T19:25:22 IST" duration-ms="2138" status="PASS">
          <reporter-output>
          </reporter-output>
        </test-method> <!-- verifySearchIfElementisNotPresent -->
        <test-method is-config="true" signature="browserQuit(org.testng.ITestResult)[pri:0, instance:com.obsqura.testscripts.ManageOfferCodeTest@7cf6a5f9]" started-at="2023-05-03T19:25:22 IST" name="browserQuit" finished-at="2023-05-03T19:25:22 IST" duration-ms="239" status="PASS">
          <params>
            <param index="0">
              <value>
                <![CDATA[[TestResult name=verifySearchIfElementisNotPresent status=SUCCESS method=ManageOfferCodeTest.verifySearchIfElementisNotPresent()[pri:0, instance:com.obsqura.testscripts.ManageOfferCodeTest@7cf6a5f9] output={null}]]]>
              </value>
            </param>
          </params>
          <reporter-output>
          </reporter-output>
        </test-method> <!-- browserQuit -->
      </class> <!-- com.obsqura.testscripts.ManageOfferCodeTest -->
      <class name="com.obsqura.testscripts.ManagePagesTest">
        <test-method is-config="true" signature="initializeBrowser(java.lang.String)[pri:0, instance:com.obsqura.testscripts.ManagePagesTest@7203c7ff]" started-at="2023-05-03T19:23:06 IST" name="initializeBrowser" finished-at="2023-05-03T19:23:13 IST" duration-ms="6962" status="PASS">
          <params>
            <param index="0">
              <value>
                <![CDATA[Chrome]]>
              </value>
            </param>
          </params>
          <reporter-output>
          </reporter-output>
        </test-method> <!-- initializeBrowser -->
        <test-method signature="verifyBackgroundColorOfNewButton()[pri:0, instance:com.obsqura.testscripts.ManagePagesTest@7203c7ff]" started-at="2023-05-03T19:23:13 IST" name="verifyBackgroundColorOfNewButton" finished-at="2023-05-03T19:23:15 IST" duration-ms="1522" status="PASS">
          <reporter-output>
          </reporter-output>
        </test-method> <!-- verifyBackgroundColorOfNewButton -->
        <test-method is-config="true" signature="browserQuit(org.testng.ITestResult)[pri:0, instance:com.obsqura.testscripts.ManagePagesTest@7203c7ff]" started-at="2023-05-03T19:23:15 IST" name="browserQuit" finished-at="2023-05-03T19:23:15 IST" duration-ms="278" status="PASS">
          <params>
            <param index="0">
              <value>
                <![CDATA[[TestResult name=verifyBackgroundColorOfNewButton status=SUCCESS method=ManagePagesTest.verifyBackgroundColorOfNewButton()[pri:0, instance:com.obsqura.testscripts.ManagePagesTest@7203c7ff] output={null}]]]>
              </value>
            </param>
          </params>
          <reporter-output>
          </reporter-output>
        </test-method> <!-- browserQuit -->
        <test-method is-config="true" signature="initializeBrowser(java.lang.String)[pri:0, instance:com.obsqura.testscripts.ManagePagesTest@7203c7ff]" started-at="2023-05-03T19:23:15 IST" name="initializeBrowser" finished-at="2023-05-03T19:23:17 IST" duration-ms="2345" status="PASS">
          <params>
            <param index="0">
              <value>
                <![CDATA[Chrome]]>
              </value>
            </param>
          </params>
          <reporter-output>
          </reporter-output>
        </test-method> <!-- initializeBrowser -->
        <test-method signature="verifySearchfunctinality()[pri:0, instance:com.obsqura.testscripts.ManagePagesTest@7203c7ff]" started-at="2023-05-03T19:23:17 IST" name="verifySearchfunctinality" finished-at="2023-05-03T19:23:19 IST" duration-ms="1791" status="PASS">
          <reporter-output>
          </reporter-output>
        </test-method> <!-- verifySearchfunctinality -->
        <test-method is-config="true" signature="browserQuit(org.testng.ITestResult)[pri:0, instance:com.obsqura.testscripts.ManagePagesTest@7203c7ff]" started-at="2023-05-03T19:23:19 IST" name="browserQuit" finished-at="2023-05-03T19:23:19 IST" duration-ms="208" status="PASS">
          <params>
            <param index="0">
              <value>
                <![CDATA[[TestResult name=verifySearchfunctinality status=SUCCESS method=ManagePagesTest.verifySearchfunctinality()[pri:0, instance:com.obsqura.testscripts.ManagePagesTest@7203c7ff] output={null}]]]>
              </value>
            </param>
          </params>
          <reporter-output>
          </reporter-output>
        </test-method> <!-- browserQuit -->
      </class> <!-- com.obsqura.testscripts.ManagePagesTest -->
      <class name="com.obsqura.testscripts.ManageProductTest">
        <test-method is-config="true" signature="initializeBrowser(java.lang.String)[pri:0, instance:com.obsqura.testscripts.ManageProductTest@93cf163]" started-at="2023-05-03T19:22:52 IST" name="initializeBrowser" finished-at="2023-05-03T19:22:55 IST" duration-ms="2215" status="PASS">
          <params>
            <param index="0">
              <value>
                <![CDATA[Chrome]]>
              </value>
            </param>
          </params>
          <reporter-output>
          </reporter-output>
        </test-method> <!-- initializeBrowser -->
        <test-method signature="verifyColorChangeofStockUnlimitedButtontoLimited()[pri:0, instance:com.obsqura.testscripts.ManageProductTest@93cf163]" started-at="2023-05-03T19:22:55 IST" name="verifyColorChangeofStockUnlimitedButtontoLimited" finished-at="2023-05-03T19:22:57 IST" duration-ms="2124" status="PASS">
          <reporter-output>
          </reporter-output>
        </test-method> <!-- verifyColorChangeofStockUnlimitedButtontoLimited -->
        <test-method is-config="true" signature="browserQuit(org.testng.ITestResult)[pri:0, instance:com.obsqura.testscripts.ManageProductTest@93cf163]" started-at="2023-05-03T19:22:57 IST" name="browserQuit" finished-at="2023-05-03T19:22:57 IST" duration-ms="222" status="PASS">
          <params>
            <param index="0">
              <value>
                <![CDATA[[TestResult name=verifyColorChangeofStockUnlimitedButtontoLimited status=SUCCESS method=ManageProductTest.verifyColorChangeofStockUnlimitedButtontoLimited()[pri:0, instance:com.obsqura.testscripts.ManageProductTest@93cf163] output={null}]]]>
              </value>
            </param>
          </params>
          <reporter-output>
          </reporter-output>
        </test-method> <!-- browserQuit -->
        <test-method is-config="true" signature="initializeBrowser(java.lang.String)[pri:0, instance:com.obsqura.testscripts.ManageProductTest@93cf163]" started-at="2023-05-03T19:22:57 IST" name="initializeBrowser" finished-at="2023-05-03T19:22:59 IST" duration-ms="2092" status="PASS">
          <params>
            <param index="0">
              <value>
                <![CDATA[Chrome]]>
              </value>
            </param>
          </params>
          <reporter-output>
          </reporter-output>
        </test-method> <!-- initializeBrowser -->
        <test-method signature="verifyManageProductPageIsAvailableWhenClickintoManageProductfromleftPane()[pri:0, instance:com.obsqura.testscripts.ManageProductTest@93cf163]" started-at="2023-05-03T19:22:59 IST" name="verifyManageProductPageIsAvailableWhenClickintoManageProductfromleftPane" finished-at="2023-05-03T19:23:01 IST" duration-ms="1481" status="PASS">
          <reporter-output>
          </reporter-output>
        </test-method> <!-- verifyManageProductPageIsAvailableWhenClickintoManageProductfromleftPane -->
        <test-method is-config="true" signature="browserQuit(org.testng.ITestResult)[pri:0, instance:com.obsqura.testscripts.ManageProductTest@93cf163]" started-at="2023-05-03T19:23:01 IST" name="browserQuit" finished-at="2023-05-03T19:23:01 IST" duration-ms="290" status="PASS">
          <params>
            <param index="0">
              <value>
                <![CDATA[[TestResult name=verifyManageProductPageIsAvailableWhenClickintoManageProductfromleftPane status=SUCCESS method=ManageProductTest.verifyManageProductPageIsAvailableWhenClickintoManageProductfromleftPane()[pri:0, instance:com.obsqura.testscripts.ManageProductTest@93cf163] output={null}]]]>
              </value>
            </param>
          </params>
          <reporter-output>
          </reporter-output>
        </test-method> <!-- browserQuit -->
      </class> <!-- com.obsqura.testscripts.ManageProductTest -->
    </test> <!-- Test -->
  </suite> <!-- Suite -->
</testng-results>
