<?xml version="1.0" encoding="UTF-8"?>
<!-- Generated by org.testng.reporters.JUnitXMLReporter -->
<testsuite hostname="LAPTOP-VDE2I4SU" ignored="0" name="Test" tests="35" failures="0" timestamp="2023-05-01T21:54:30 IST" time="228.847" errors="0">
  <testcase name="verifylogin" time="1.358" classname="com.obsqura.testscripts.LoginPageTest"/>
  <testcase name="verifylogin" time="0.898" classname="com.obsqura.testscripts.LoginPageTest"/>
  <testcase name="verifylogin" time="0.561" classname="com.obsqura.testscripts.LoginPageTest"/>
  <testcase name="verifyAlertMessageWithInvalidUsernameAndValidPassword" time="0.905" classname="com.obsqura.testscripts.LoginPageTest"/>
  <testcase name="verifyLoginwithValidUsernameAndPassword" time="0.99" classname="com.obsqura.testscripts.LoginPageTest"/>
  <testcase name="verifyColorChangeofStockUnlimitedButtontoLimited" time="2.207" classname="com.obsqura.testscripts.ManageProductTest"/>
  <testcase name="verifyManageProductPageIsAvailableWhenClickintoManageProductfromleftPane" time="1.47" classname="com.obsqura.testscripts.ManageProductTest"/>
  <testcase name="verfyNotificationSentSuccessfully" time="13.587" classname="com.obsqura.testscripts.PushNotificationsTest"/>
  <testcase name="verifyBackgroundColorOfNewButton" time="1.862" classname="com.obsqura.testscripts.ManagePagesTest"/>
  <testcase name="verifySearchfunctinality" time="1.931" classname="com.obsqura.testscripts.ManagePagesTest"/>
  <testcase name="verifytableheadersofManagePaymentMethods" time="1.651" classname="com.obsqura.testscripts.ManagePaymentMethodsTest"/>
  <testcase name="verifythatEditchangesInPaylimitUpdatedInManagePaymentMethodsTable" time="2.469" classname="com.obsqura.testscripts.ManagePaymentMethodsTest"/>
  <testcase name="verifyTitleListDeliveryBoyWhenNavigatetoTheManageDeliveryBoyPage" time="1.621" classname="com.obsqura.testscripts.ManageDeliveryBoyTest"/>
  <testcase name="verifynewDeliveryBoyDetailsUpdated" time="5.51" classname="com.obsqura.testscripts.ManageDeliveryBoyTest"/>
  <testcase name="verifythatWhenaddingNewDeliveryBoyduplicateUserNameisNotAllowed" time="3.379" classname="com.obsqura.testscripts.ManageDeliveryBoyTest"/>
  <testcase name="verifyImageUploadedSuccesfully" time="2.939" classname="com.obsqura.testscripts.ManageSliderTest"/>
  <testcase name="verifyeditbuttonAllignedBeforeDeleteButton" time="1.881" classname="com.obsqura.testscripts.ManageSliderTest"/>
  <testcase name="verifyAddingExpenseCategoryInformationswithDuplicateTitle" time="2.224" classname="com.obsqura.testscripts.ExpenseCategoryTest"/>
  <testcase name="verifyRowCountofExpenseCategoryTable" time="2.168" classname="com.obsqura.testscripts.ExpenseCategoryTest"/>
  <testcase name="verifyWidthOfActionColumn" time="1.855" classname="com.obsqura.testscripts.ExpenseCategoryTest"/>
  <testcase name="verifyAddingUsersInformations" time="2.698" classname="com.obsqura.testscripts.AdminUsersTest"/>
  <testcase name="verifyDeleteFunctionalityAndCheckAlert" time="2.195" classname="com.obsqura.testscripts.AdminUsersTest"/>
  <testcase name="verifyUnlockButtonChangesStatusofUserbyCheckingBackgroundColor" time="2.118" classname="com.obsqura.testscripts.AdminUsersTest"/>
  <testcase name="verifyWhenClickingHomeinAdminUsersPageitgoestoDashBoardPage" time="2.231" classname="com.obsqura.testscripts.AdminUsersTest"/>
  <testcase name="verifydropdownMenuWhenAddingUsersInformation" time="2.332" classname="com.obsqura.testscripts.AdminUsersTest"/>
  <testcase name="verifyBackGroundColorOfAlert" time="1.749" classname="com.obsqura.testscripts.ManageUsersTest"/>
  <testcase name="verifySearchFunctinality" time="1.927" classname="com.obsqura.testscripts.ManageUsersTest"/>
  <testcase name="verifythatWhenclickingPaaswordButtonPasswordIsShownInBelowRow" time="1.223" classname="com.obsqura.testscripts.ManageUsersTest"/>
  <testcase name="verifyNewFunctinalityinOfferCodesListAndOffercodeUpdatedSuccessfully" time="3.378" classname="com.obsqura.testscripts.ManageOfferCodeTest"/>
  <testcase name="verifySearchIfElementisNotPresent" time="2.143" classname="com.obsqura.testscripts.ManageOfferCodeTest"/>
  <testcase name="verifyAddLocationInformations" time="2.991" classname="com.obsqura.testscripts.ManageLocationTest"/>
  <testcase name="verifyEditFunctionality" time="3.243" classname="com.obsqura.testscripts.ManageLocationTest"/>
  <testcase name="verifySearchusingCountryAndState" time="1.791" classname="com.obsqura.testscripts.ManageLocationTest">
    <skipped/>
  </testcase> <!-- verifySearchusingCountryAndState -->
  <testcase name="verifySearchusingCountryAndState" time="1.822" classname="com.obsqura.testscripts.ManageLocationTest">
    <skipped/>
  </testcase> <!-- verifySearchusingCountryAndState -->
  <testcase name="verifySearchusingCountryAndState" time="4.158" classname="com.obsqura.testscripts.ManageLocationTest"/>
</testsuite> <!-- Test -->
