<?xml version="1.0" encoding="UTF-8"?>
<!-- Generated by org.testng.reporters.JUnitXMLReporter -->
<testsuite ignored="0" hostname="LAPTOP-VDE2I4SU" failures="3" tests="7" name="ChromeTest" time="20.499" errors="0" timestamp="2023-04-17T23:24:27 IST">
  <testcase classname="com.obsqura.testscripts.LoginPageTest" name="verifyAlertMessageWithInvalidUsernameAndValidPassword" time="1.149"/>
  <testcase classname="com.obsqura.testscripts.LoginPageTest" name="verifyLoginwithValidUsernameAndPassword" time="0.762"/>
  <testcase classname="com.obsqura.testscripts.LoginPageTest" name="verifylogin" time="0.391">
    <failure type="java.lang.AssertionError" message="Invalid Username/Password expected [Login | 7rmart supermarket] but found [Dashboard | 7rmart supermarket]">
      <![CDATA[java.lang.AssertionError: Invalid Username/Password expected [Login | 7rmart supermarket] but found [Dashboard | 7rmart supermarket]
at com.obsqura.testscripts.LoginPageTest.verifylogin(LoginPageTest.java:32)
at java.base/java.util.ArrayList.forEach(ArrayList.java:1511)
... Removed 30 stack frames]]>
    </failure>
  </testcase> <!-- verifylogin -->
  <testcase classname="com.obsqura.testscripts.LoginPageTest" name="verifylogin" time="0.351">
    <failure type="java.lang.AssertionError" message="Invalid Username/Password expected [Login | 7rmart supermarket] but found [Dashboard | 7rmart supermarket]">
      <![CDATA[java.lang.AssertionError: Invalid Username/Password expected [Login | 7rmart supermarket] but found [Dashboard | 7rmart supermarket]
at com.obsqura.testscripts.LoginPageTest.verifylogin(LoginPageTest.java:32)
at java.base/java.util.ArrayList.forEach(ArrayList.java:1511)
... Removed 30 stack frames]]>
    </failure>
  </testcase> <!-- verifylogin -->
  <testcase classname="com.obsqura.testscripts.LoginPageTest" name="verifylogin" time="0.381">
    <failure type="java.lang.AssertionError" message="Invalid Username/Password expected [Login | 7rmart supermarket] but found [Dashboard | 7rmart supermarket]">
      <![CDATA[java.lang.AssertionError: Invalid Username/Password expected [Login | 7rmart supermarket] but found [Dashboard | 7rmart supermarket]
at com.obsqura.testscripts.LoginPageTest.verifylogin(LoginPageTest.java:32)
at java.base/java.util.ArrayList.forEach(ArrayList.java:1511)
... Removed 30 stack frames]]>
    </failure>
  </testcase> <!-- verifylogin -->
  <testcase classname="com.obsqura.testscripts.LoginPageTest" name="verifylogin" time="0.705"/>
  <testcase classname="com.obsqura.testscripts.ManagePagesTest" name="verifyBackgroundColorOfNewButton" time="1.052"/>
</testsuite> <!-- ChromeTest -->
