<?xml version="1.0" encoding="UTF-8"?>
<!-- Generated by org.testng.reporters.JUnitXMLReporter -->
<testsuite ignored="0" hostname="LAPTOP-VDE2I4SU" failures="0" tests="6" name="firefoxTest" time="28.753" errors="0" timestamp="2023-04-27T18:22:23 IST">
  <testcase classname="com.obsqura.testscripts.LoginPageTest" name="verifyAlertMessageWithInvalidUsernameAndValidPassword" time="0.396"/>
  <testcase classname="com.obsqura.testscripts.LoginPageTest" name="verifyLoginwithValidUsernameAndPassword" time="1.387"/>
  <testcase classname="com.obsqura.testscripts.LoginPageTest" name="verifylogin" time="0.326"/>
  <testcase classname="com.obsqura.testscripts.LoginPageTest" name="verifylogin" time="0.293"/>
  <testcase classname="com.obsqura.testscripts.LoginPageTest" name="verifylogin" time="0.767"/>
  <testcase classname="com.obsqura.testscripts.PushNotificationsTest" name="verfyNotificationSentSuccessfully" time="1.782"/>
</testsuite> <!-- firefoxTest -->
