<?xml version="1.0" encoding="UTF-8"?>
<!-- Generated by org.testng.reporters.JUnitXMLReporter -->
<testsuite ignored="0" hostname="LAPTOP-VDE2I4SU" failures="3" tests="29" name="Test" time="170.218" errors="0" timestamp="2023-04-26T01:16:41 IST">
  <testcase classname="com.obsqura.testscripts.LoginPageTest" name="verifyAlertMessageWithInvalidUsernameAndValidPassword" time="1.503"/>
  <testcase classname="com.obsqura.testscripts.LoginPageTest" name="verifyLoginwithValidUsernameAndPassword" time="1.009"/>
  <testcase classname="com.obsqura.testscripts.LoginPageTest" name="verifylogin" time="0.619">
    <failure type="java.lang.AssertionError" message="Invalid Username/Password expected [Login | 7rmart supermarket] but found [Dashboard | 7rmart supermarket]">
      <![CDATA[java.lang.AssertionError: Invalid Username/Password expected [Login | 7rmart supermarket] but found [Dashboard | 7rmart supermarket]
at com.obsqura.testscripts.LoginPageTest.verifylogin(LoginPageTest.java:31)
at java.base/java.util.ArrayList.forEach(ArrayList.java:1511)
... Removed 30 stack frames]]>
    </failure>
  </testcase> <!-- verifylogin -->
  <testcase classname="com.obsqura.testscripts.LoginPageTest" name="verifylogin" time="0.625">
    <failure type="java.lang.AssertionError" message="Invalid Username/Password expected [Login | 7rmart supermarket] but found [Dashboard | 7rmart supermarket]">
      <![CDATA[java.lang.AssertionError: Invalid Username/Password expected [Login | 7rmart supermarket] but found [Dashboard | 7rmart supermarket]
at com.obsqura.testscripts.LoginPageTest.verifylogin(LoginPageTest.java:31)
at java.base/java.util.ArrayList.forEach(ArrayList.java:1511)
... Removed 30 stack frames]]>
    </failure>
  </testcase> <!-- verifylogin -->
  <testcase classname="com.obsqura.testscripts.LoginPageTest" name="verifylogin" time="0.502">
    <failure type="java.lang.AssertionError" message="Invalid Username/Password expected [Login | 7rmart supermarket] but found [Dashboard | 7rmart supermarket]">
      <![CDATA[java.lang.AssertionError: Invalid Username/Password expected [Login | 7rmart supermarket] but found [Dashboard | 7rmart supermarket]
at com.obsqura.testscripts.LoginPageTest.verifylogin(LoginPageTest.java:31)
at java.base/java.util.ArrayList.forEach(ArrayList.java:1511)
... Removed 30 stack frames]]>
    </failure>
  </testcase> <!-- verifylogin -->
  <testcase classname="com.obsqura.testscripts.LoginPageTest" name="verifylogin" time="0.831"/>
  <testcase classname="com.obsqura.testscripts.ManageProductTest" name="verifyColorChangeofStockUnlimitedButtontoLimited" time="2.03"/>
  <testcase classname="com.obsqura.testscripts.ManageProductTest" name="verifyManageProductPageIsAvailableWhenClickintoManageProductfromleftPane" time="1.443"/>
  <testcase classname="com.obsqura.testscripts.PushNotificationsTest" name="verfyNotificationSentSuccessfully" time="2.622"/>
  <testcase classname="com.obsqura.testscripts.ManagePagesTest" name="verifyBackgroundColorOfNewButton" time="3.983"/>
  <testcase classname="com.obsqura.testscripts.ManagePagesTest" name="verifySearchfunctinality" time="2.208"/>
  <testcase classname="com.obsqura.testscripts.ManageUsersTest" name="verifyBackGroundColorOfAlert" time="2.007"/>
  <testcase classname="com.obsqura.testscripts.ManageUsersTest" name="verifythatWhenclickingPaaswordButtonPasswordIsShownInBelowRow" time="1.559"/>
  <testcase classname="com.obsqura.testscripts.ManagePaymentMethodsTest" name="verifytableheadersofManagePaymentMethods" time="1.79"/>
  <testcase classname="com.obsqura.testscripts.ManagePaymentMethodsTest" name="verifythatEditchangesInPaylimitUpdatedInManagePaymentMethodsTable" time="2.541"/>
  <testcase classname="com.obsqura.testscripts.AdminUsersTest" name="verifyAddingUsersInformations" time="2.867"/>
  <testcase classname="com.obsqura.testscripts.AdminUsersTest" name="verifyDeleteFunctionalityAndCheckAlert" time="2.476"/>
  <testcase classname="com.obsqura.testscripts.AdminUsersTest" name="verifyWhenClickingHomeinAdminUsersPageitgoestoDashBoardPage" time="2.174"/>
  <testcase classname="com.obsqura.testscripts.AdminUsersTest" name="verifydropdownMenuWhenAddingUsersInformation" time="2.054"/>
  <testcase classname="com.obsqura.testscripts.ManageOfferCodeTest" name="verifyNewFunctinalityinOfferCodesListAndOffercodeUpdatedSuccessfully" time="3.422"/>
  <testcase classname="com.obsqura.testscripts.ExpenseCategoryTest" name="verifyAddingExpenseCategoryInformationswithDuplicateTitle" time="21.812">
    <skipped/>
  </testcase> <!-- verifyAddingExpenseCategoryInformationswithDuplicateTitle -->
  <testcase classname="com.obsqura.testscripts.ExpenseCategoryTest" name="verifyAddingExpenseCategoryInformationswithDuplicateTitle" time="3.271"/>
  <testcase classname="com.obsqura.testscripts.ExpenseCategoryTest" name="verifyRowCountofExpenseCategoryTable" time="1.819"/>
  <testcase classname="com.obsqura.testscripts.ExpenseCategoryTest" name="verifyWidthOfActionColumn" time="1.411"/>
  <testcase classname="com.obsqura.testscripts.ManageDeliveryBoyTest" name="verifyTitleListDeliveryBoyWhenNavigatetoTheManageDeliveryBoyPage" time="1.605"/>
  <testcase classname="com.obsqura.testscripts.ManageDeliveryBoyTest" name="verifynewDeliveryBoyDetailsUpdated" time="5.633"/>
  <testcase classname="com.obsqura.testscripts.ManageDeliveryBoyTest" name="verifythatWhenaddingNewDeliveryBoyduplicateUserNameisNotAllowed" time="3.109"/>
  <testcase classname="com.obsqura.testscripts.ManageSliderTest" name="verifyImageUploadedSuccesfully" time="7.87"/>
  <testcase classname="com.obsqura.testscripts.ManageSliderTest" name="verifyeditbuttonAllignedBeforeDeleteButton" time="1.802"/>
</testsuite> <!-- Test -->
